{"/Users/jrjohn/Documents/projects/arcana-react/src/app/core/constants/app.constants.ts": {"path":"/Users/jrjohn/Documents/projects/arcana-react/src/app/core/constants/app.constants.ts","statementMap":{"0":{"start":{"line":5,"column":29},"end":{"line":82,"column":null}},"1":{"start":{"line":89,"column":29},"end":{"line":89,"column":null}},"2":{"start":{"line":90,"column":28},"end":{"line":90,"column":null}}},"fnMap":{},"branchMap":{},"s":{"0":9,"1":9,"2":9},"f":{},"b":{},"meta":{"lastBranch":0,"lastFunction":0,"lastStatement":3,"seen":{"s:5:29:82:Infinity":0,"s:89:29:89:Infinity":1,"s:90:28:90:Infinity":2}}}
,"/Users/jrjohn/Documents/projects/arcana-react/src/app/core/di/container.ts": {"path":"/Users/jrjohn/Documents/projects/arcana-react/src/app/core/di/container.ts","statementMap":{"0":{"start":{"line":14,"column":29},"end":{"line":16,"column":null}},"1":{"start":{"line":33,"column":21},"end":{"line":33,"column":null}},"2":{"start":{"line":34,"column":22},"end":{"line":34,"column":null}},"3":{"start":{"line":40,"column":4},"end":{"line":40,"column":null}},"4":{"start":{"line":47,"column":4},"end":{"line":47,"column":null}},"5":{"start":{"line":55,"column":4},"end":{"line":57,"column":null}},"6":{"start":{"line":56,"column":6},"end":{"line":56,"column":null}},"7":{"start":{"line":60,"column":4},"end":{"line":65,"column":null}},"8":{"start":{"line":61,"column":22},"end":{"line":61,"column":null}},"9":{"start":{"line":62,"column":23},"end":{"line":62,"column":null}},"10":{"start":{"line":63,"column":6},"end":{"line":63,"column":null}},"11":{"start":{"line":64,"column":6},"end":{"line":64,"column":null}},"12":{"start":{"line":67,"column":4},"end":{"line":67,"column":null}},"13":{"start":{"line":74,"column":4},"end":{"line":74,"column":null}},"14":{"start":{"line":81,"column":4},"end":{"line":81,"column":null}},"15":{"start":{"line":82,"column":4},"end":{"line":82,"column":null}},"16":{"start":{"line":90,"column":25},"end":{"line":90,"column":null}}},"fnMap":{"0":{"name":"(anonymous_0)","decl":{"start":{"line":39,"column":2},"end":{"line":39,"column":35}},"loc":{"start":{"line":39,"column":76},"end":{"line":41,"column":null}},"line":39},"1":{"name":"(anonymous_1)","decl":{"start":{"line":46,"column":2},"end":{"line":46,"column":42}},"loc":{"start":{"line":46,"column":88},"end":{"line":48,"column":null}},"line":46},"2":{"name":"(anonymous_2)","decl":{"start":{"line":53,"column":2},"end":{"line":53,"column":34}},"loc":{"start":{"line":53,"column":59},"end":{"line":68,"column":null}},"line":53},"3":{"name":"(anonymous_3)","decl":{"start":{"line":73,"column":2},"end":{"line":73,"column":6}},"loc":{"start":{"line":73,"column":36},"end":{"line":75,"column":null}},"line":73},"4":{"name":"(anonymous_4)","decl":{"start":{"line":80,"column":2},"end":{"line":80,"column":16}},"loc":{"start":{"line":80,"column":16},"end":{"line":83,"column":null}},"line":80}},"branchMap":{"0":{"loc":{"start":{"line":55,"column":4},"end":{"line":57,"column":null}},"type":"if","locations":[{"start":{"line":55,"column":4},"end":{"line":57,"column":null}},{"start":{},"end":{}}],"line":55},"1":{"loc":{"start":{"line":60,"column":4},"end":{"line":65,"column":null}},"type":"if","locations":[{"start":{"line":60,"column":4},"end":{"line":65,"column":null}},{"start":{},"end":{}}],"line":60},"2":{"loc":{"start":{"line":74,"column":11},"end":{"line":74,"column":null}},"type":"binary-expr","locations":[{"start":{"line":74,"column":11},"end":{"line":74,"column":39}},{"start":{"line":74,"column":39},"end":{"line":74,"column":null}}],"line":74}},"s":{"0":1,"1":12,"2":12,"3":4,"4":6,"5":9,"6":5,"7":4,"8":3,"9":3,"10":3,"11":3,"12":1,"13":5,"14":2,"15":2,"16":1},"f":{"0":4,"1":6,"2":9,"3":5,"4":2},"b":{"0":[5,4],"1":[3,1],"2":[5,4]},"meta":{"lastBranch":3,"lastFunction":5,"lastStatement":17,"seen":{"s:14:29:16:Infinity":0,"s:33:21:33:Infinity":1,"s:34:22:34:Infinity":2,"f:39:2:39:35":0,"s:40:4:40:Infinity":3,"f:46:2:46:42":1,"s:47:4:47:Infinity":4,"f:53:2:53:34":2,"b:55:4:57:Infinity:undefined:undefined:undefined:undefined":0,"s:55:4:57:Infinity":5,"s:56:6:56:Infinity":6,"b:60:4:65:Infinity:undefined:undefined:undefined:undefined":1,"s:60:4:65:Infinity":7,"s:61:22:61:Infinity":8,"s:62:23:62:Infinity":9,"s:63:6:63:Infinity":10,"s:64:6:64:Infinity":11,"s:67:4:67:Infinity":12,"f:73:2:73:6":3,"s:74:4:74:Infinity":13,"b:74:11:74:39:74:39:74:Infinity":2,"f:80:2:80:16":4,"s:81:4:81:Infinity":14,"s:82:4:82:Infinity":15,"s:90:25:90:Infinity":16}}}
,"/Users/jrjohn/Documents/projects/arcana-react/src/app/core/navigation/index.ts": {"path":"/Users/jrjohn/Documents/projects/arcana-react/src/app/core/navigation/index.ts","statementMap":{},"fnMap":{},"branchMap":{},"s":{},"f":{},"b":{},"meta":{"lastBranch":0,"lastFunction":0,"lastStatement":0,"seen":{}}}
,"/Users/jrjohn/Documents/projects/arcana-react/src/app/core/navigation/navGraph.ts": {"path":"/Users/jrjohn/Documents/projects/arcana-react/src/app/core/navigation/navGraph.ts","statementMap":{"0":{"start":{"line":60,"column":22},"end":{"line":107,"column":null}},"1":{"start":{"line":115,"column":51},"end":{"line":318,"column":null}},"2":{"start":{"line":329,"column":2},"end":{"line":329,"column":null}},"3":{"start":{"line":329,"column":15},"end":{"line":329,"column":null}},"4":{"start":{"line":331,"column":15},"end":{"line":331,"column":null}},"5":{"start":{"line":332,"column":2},"end":{"line":334,"column":null}},"6":{"start":{"line":333,"column":4},"end":{"line":333,"column":null}},"7":{"start":{"line":335,"column":2},"end":{"line":335,"column":null}},"8":{"start":{"line":342,"column":2},"end":{"line":342,"column":null}},"9":{"start":{"line":342,"column":42},"end":{"line":342,"column":57}},"10":{"start":{"line":349,"column":2},"end":{"line":349,"column":null}},"11":{"start":{"line":349,"column":42},"end":{"line":349,"column":61}},"12":{"start":{"line":356,"column":2},"end":{"line":358,"column":null}},"13":{"start":{"line":357,"column":23},"end":{"line":357,"column":69}},"14":{"start":{"line":358,"column":14},"end":{"line":358,"column":51}},"15":{"start":{"line":365,"column":2},"end":{"line":365,"column":null}},"16":{"start":{"line":365,"column":42},"end":{"line":365,"column":87}},"17":{"start":{"line":372,"column":2},"end":{"line":374,"column":null}},"18":{"start":{"line":373,"column":23},"end":{"line":373,"column":57}},"19":{"start":{"line":374,"column":14},"end":{"line":374,"column":51}},"20":{"start":{"line":381,"column":19},"end":{"line":381,"column":null}},"21":{"start":{"line":383,"column":2},"end":{"line":410,"column":null}},"22":{"start":{"line":384,"column":21},"end":{"line":384,"column":null}},"23":{"start":{"line":386,"column":29},"end":{"line":391,"column":null}},"24":{"start":{"line":393,"column":4},"end":{"line":407,"column":null}},"25":{"start":{"line":394,"column":6},"end":{"line":402,"column":null}},"26":{"start":{"line":394,"column":50},"end":{"line":402,"column":8}},"27":{"start":{"line":404,"column":6},"end":{"line":404,"column":null}},"28":{"start":{"line":405,"column":6},"end":{"line":405,"column":null}},"29":{"start":{"line":406,"column":6},"end":{"line":406,"column":null}},"30":{"start":{"line":409,"column":4},"end":{"line":409,"column":null}},"31":{"start":{"line":418,"column":2},"end":{"line":418,"column":null}},"32":{"start":{"line":418,"column":33},"end":{"line":418,"column":null}},"33":{"start":{"line":422,"column":2},"end":{"line":425,"column":null}},"34":{"start":{"line":423,"column":21},"end":{"line":423,"column":null}},"35":{"start":{"line":424,"column":4},"end":{"line":424,"column":null}},"36":{"start":{"line":427,"column":2},"end":{"line":427,"column":null}},"37":{"start":{"line":434,"column":19},"end":{"line":434,"column":null}},"38":{"start":{"line":435,"column":2},"end":{"line":435,"column":null}},"39":{"start":{"line":435,"column":34},"end":{"line":435,"column":72}}},"fnMap":{"0":{"name":"buildPath","decl":{"start":{"line":328,"column":16},"end":{"line":328,"column":26}},"loc":{"start":{"line":328,"column":70},"end":{"line":336,"column":null}},"line":328},"1":{"name":"(anonymous_1)","decl":{"start":{"line":332,"column":33},"end":{"line":332,"column":34}},"loc":{"start":{"line":332,"column":51},"end":{"line":334,"column":3}},"line":332},"2":{"name":"getRouteById","decl":{"start":{"line":341,"column":16},"end":{"line":341,"column":29}},"loc":{"start":{"line":341,"column":70},"end":{"line":343,"column":null}},"line":341},"3":{"name":"(anonymous_3)","decl":{"start":{"line":342,"column":31},"end":{"line":342,"column":32}},"loc":{"start":{"line":342,"column":42},"end":{"line":342,"column":57}},"line":342},"4":{"name":"getRouteByPath","decl":{"start":{"line":348,"column":16},"end":{"line":348,"column":31}},"loc":{"start":{"line":348,"column":74},"end":{"line":350,"column":null}},"line":348},"5":{"name":"(anonymous_5)","decl":{"start":{"line":349,"column":31},"end":{"line":349,"column":32}},"loc":{"start":{"line":349,"column":42},"end":{"line":349,"column":61}},"line":349},"6":{"name":"getChildRoutes","decl":{"start":{"line":355,"column":16},"end":{"line":355,"column":31}},"loc":{"start":{"line":355,"column":68},"end":{"line":359,"column":null}},"line":355},"7":{"name":"(anonymous_7)","decl":{"start":{"line":357,"column":12},"end":{"line":357,"column":13}},"loc":{"start":{"line":357,"column":23},"end":{"line":357,"column":69}},"line":357},"8":{"name":"(anonymous_8)","decl":{"start":{"line":358,"column":10},"end":{"line":358,"column":11}},"loc":{"start":{"line":358,"column":14},"end":{"line":358,"column":51}},"line":358},"9":{"name":"hasChildren","decl":{"start":{"line":364,"column":16},"end":{"line":364,"column":28}},"loc":{"start":{"line":364,"column":54},"end":{"line":366,"column":null}},"line":364},"10":{"name":"(anonymous_10)","decl":{"start":{"line":365,"column":31},"end":{"line":365,"column":32}},"loc":{"start":{"line":365,"column":42},"end":{"line":365,"column":87}},"line":365},"11":{"name":"getTopLevelNavItems","decl":{"start":{"line":371,"column":16},"end":{"line":371,"column":57}},"loc":{"start":{"line":371,"column":57},"end":{"line":375,"column":null}},"line":371},"12":{"name":"(anonymous_12)","decl":{"start":{"line":373,"column":12},"end":{"line":373,"column":13}},"loc":{"start":{"line":373,"column":23},"end":{"line":373,"column":57}},"line":373},"13":{"name":"(anonymous_13)","decl":{"start":{"line":374,"column":10},"end":{"line":374,"column":11}},"loc":{"start":{"line":374,"column":14},"end":{"line":374,"column":51}},"line":374},"14":{"name":"buildNavigation","decl":{"start":{"line":380,"column":16},"end":{"line":380,"column":45}},"loc":{"start":{"line":380,"column":45},"end":{"line":411,"column":null}},"line":380},"15":{"name":"(anonymous_15)","decl":{"start":{"line":383,"column":22},"end":{"line":383,"column":23}},"loc":{"start":{"line":383,"column":33},"end":{"line":410,"column":3}},"line":383},"16":{"name":"(anonymous_16)","decl":{"start":{"line":394,"column":38},"end":{"line":394,"column":39}},"loc":{"start":{"line":394,"column":50},"end":{"line":402,"column":8}},"line":394},"17":{"name":"isRouteActive","decl":{"start":{"line":416,"column":16},"end":{"line":416,"column":30}},"loc":{"start":{"line":416,"column":79},"end":{"line":428,"column":null}},"line":416},"18":{"name":"isChildRouteActive","decl":{"start":{"line":433,"column":16},"end":{"line":433,"column":35}},"loc":{"start":{"line":433,"column":83},"end":{"line":436,"column":null}},"line":433},"19":{"name":"(anonymous_19)","decl":{"start":{"line":435,"column":23},"end":{"line":435,"column":24}},"loc":{"start":{"line":435,"column":34},"end":{"line":435,"column":72}},"line":435}},"branchMap":{"0":{"loc":{"start":{"line":329,"column":2},"end":{"line":329,"column":null}},"type":"if","locations":[{"start":{"line":329,"column":2},"end":{"line":329,"column":null}},{"start":{},"end":{}}],"line":329},"1":{"loc":{"start":{"line":357,"column":23},"end":{"line":357,"column":69}},"type":"binary-expr","locations":[{"start":{"line":357,"column":23},"end":{"line":357,"column":54}},{"start":{"line":357,"column":54},"end":{"line":357,"column":69}}],"line":357},"2":{"loc":{"start":{"line":358,"column":21},"end":{"line":358,"column":38}},"type":"binary-expr","locations":[{"start":{"line":358,"column":21},"end":{"line":358,"column":32}},{"start":{"line":358,"column":32},"end":{"line":358,"column":38}}],"line":358},"3":{"loc":{"start":{"line":358,"column":38},"end":{"line":358,"column":51}},"type":"binary-expr","locations":[{"start":{"line":358,"column":38},"end":{"line":358,"column":49}},{"start":{"line":358,"column":49},"end":{"line":358,"column":51}}],"line":358},"4":{"loc":{"start":{"line":365,"column":42},"end":{"line":365,"column":87}},"type":"binary-expr","locations":[{"start":{"line":365,"column":42},"end":{"line":365,"column":72}},{"start":{"line":365,"column":72},"end":{"line":365,"column":87}}],"line":365},"5":{"loc":{"start":{"line":373,"column":23},"end":{"line":373,"column":57}},"type":"binary-expr","locations":[{"start":{"line":373,"column":23},"end":{"line":373,"column":42}},{"start":{"line":373,"column":42},"end":{"line":373,"column":57}}],"line":373},"6":{"loc":{"start":{"line":374,"column":21},"end":{"line":374,"column":38}},"type":"binary-expr","locations":[{"start":{"line":374,"column":21},"end":{"line":374,"column":32}},{"start":{"line":374,"column":32},"end":{"line":374,"column":38}}],"line":374},"7":{"loc":{"start":{"line":374,"column":38},"end":{"line":374,"column":51}},"type":"binary-expr","locations":[{"start":{"line":374,"column":38},"end":{"line":374,"column":49}},{"start":{"line":374,"column":49},"end":{"line":374,"column":51}}],"line":374},"8":{"loc":{"start":{"line":389,"column":12},"end":{"line":389,"column":null}},"type":"binary-expr","locations":[{"start":{"line":389,"column":12},"end":{"line":389,"column":26}},{"start":{"line":389,"column":26},"end":{"line":389,"column":null}}],"line":389},"9":{"loc":{"start":{"line":390,"column":13},"end":{"line":390,"column":null}},"type":"binary-expr","locations":[{"start":{"line":390,"column":13},"end":{"line":390,"column":28}},{"start":{"line":390,"column":28},"end":{"line":390,"column":null}}],"line":390},"10":{"loc":{"start":{"line":393,"column":4},"end":{"line":407,"column":null}},"type":"if","locations":[{"start":{"line":393,"column":4},"end":{"line":407,"column":null}},{"start":{"line":403,"column":11},"end":{"line":407,"column":null}}],"line":393},"11":{"loc":{"start":{"line":397,"column":14},"end":{"line":397,"column":null}},"type":"binary-expr","locations":[{"start":{"line":397,"column":14},"end":{"line":397,"column":28}},{"start":{"line":397,"column":28},"end":{"line":397,"column":null}}],"line":397},"12":{"loc":{"start":{"line":401,"column":15},"end":{"line":401,"column":null}},"type":"binary-expr","locations":[{"start":{"line":401,"column":15},"end":{"line":401,"column":30}},{"start":{"line":401,"column":30},"end":{"line":401,"column":null}}],"line":401},"13":{"loc":{"start":{"line":418,"column":2},"end":{"line":418,"column":null}},"type":"if","locations":[{"start":{"line":418,"column":2},"end":{"line":418,"column":null}},{"start":{},"end":{}}],"line":418},"14":{"loc":{"start":{"line":422,"column":2},"end":{"line":425,"column":null}},"type":"if","locations":[{"start":{"line":422,"column":2},"end":{"line":425,"column":null}},{"start":{},"end":{}}],"line":422},"15":{"loc":{"start":{"line":422,"column":6},"end":{"line":422,"column":62}},"type":"binary-expr","locations":[{"start":{"line":422,"column":6},"end":{"line":422,"column":27}},{"start":{"line":422,"column":27},"end":{"line":422,"column":62}}],"line":422},"16":{"loc":{"start":{"line":424,"column":11},"end":{"line":424,"column":null}},"type":"binary-expr","locations":[{"start":{"line":424,"column":11},"end":{"line":424,"column":30}},{"start":{"line":424,"column":30},"end":{"line":424,"column":null}}],"line":424}},"s":{"0":1,"1":1,"2":0,"3":0,"4":0,"5":0,"6":0,"7":0,"8":0,"9":0,"10":0,"11":0,"12":120,"13":2640,"14":120,"15":0,"16":0,"17":10,"18":220,"19":80,"20":10,"21":10,"22":90,"23":90,"24":90,"25":30,"26":90,"27":60,"28":60,"29":60,"30":90,"31":90,"32":0,"33":90,"34":0,"35":0,"36":90,"37":30,"38":30,"39":90},"f":{"0":0,"1":0,"2":0,"3":0,"4":0,"5":0,"6":120,"7":2640,"8":120,"9":0,"10":0,"11":10,"12":220,"13":80,"14":10,"15":90,"16":90,"17":90,"18":30,"19":90},"b":{"0":[0,0],"1":[2640,210],"2":[120,0],"3":[120,0],"4":[0,0],"5":[220,180],"6":[80,0],"7":[80,0],"8":[90,0],"9":[90,0],"10":[30,60],"11":[90,0],"12":[90,0],"13":[0,90],"14":[0,90],"15":[90,90],"16":[0,0]},"meta":{"lastBranch":17,"lastFunction":20,"lastStatement":40,"seen":{"s:60:22:107:Infinity":0,"s:115:51:318:Infinity":1,"f:328:16:328:26":0,"b:329:2:329:Infinity:undefined:undefined:undefined:undefined":0,"s:329:2:329:Infinity":2,"s:329:15:329:Infinity":3,"s:331:15:331:Infinity":4,"s:332:2:334:Infinity":5,"f:332:33:332:34":1,"s:333:4:333:Infinity":6,"s:335:2:335:Infinity":7,"f:341:16:341:29":2,"s:342:2:342:Infinity":8,"f:342:31:342:32":3,"s:342:42:342:57":9,"f:348:16:348:31":4,"s:349:2:349:Infinity":10,"f:349:31:349:32":5,"s:349:42:349:61":11,"f:355:16:355:31":6,"s:356:2:358:Infinity":12,"f:357:12:357:13":7,"s:357:23:357:69":13,"b:357:23:357:54:357:54:357:69":1,"f:358:10:358:11":8,"s:358:14:358:51":14,"b:358:21:358:32:358:32:358:38":2,"b:358:38:358:49:358:49:358:51":3,"f:364:16:364:28":9,"s:365:2:365:Infinity":15,"f:365:31:365:32":10,"s:365:42:365:87":16,"b:365:42:365:72:365:72:365:87":4,"f:371:16:371:57":11,"s:372:2:374:Infinity":17,"f:373:12:373:13":12,"s:373:23:373:57":18,"b:373:23:373:42:373:42:373:57":5,"f:374:10:374:11":13,"s:374:14:374:51":19,"b:374:21:374:32:374:32:374:38":6,"b:374:38:374:49:374:49:374:51":7,"f:380:16:380:45":14,"s:381:19:381:Infinity":20,"s:383:2:410:Infinity":21,"f:383:22:383:23":15,"s:384:21:384:Infinity":22,"s:386:29:391:Infinity":23,"b:389:12:389:26:389:26:389:Infinity":8,"b:390:13:390:28:390:28:390:Infinity":9,"b:393:4:407:Infinity:403:11:407:Infinity":10,"s:393:4:407:Infinity":24,"s:394:6:402:Infinity":25,"f:394:38:394:39":16,"s:394:50:402:8":26,"b:397:14:397:28:397:28:397:Infinity":11,"b:401:15:401:30:401:30:401:Infinity":12,"s:404:6:404:Infinity":27,"s:405:6:405:Infinity":28,"s:406:6:406:Infinity":29,"s:409:4:409:Infinity":30,"f:416:16:416:30":17,"b:418:2:418:Infinity:undefined:undefined:undefined:undefined":13,"s:418:2:418:Infinity":31,"s:418:33:418:Infinity":32,"b:422:2:425:Infinity:undefined:undefined:undefined:undefined":14,"s:422:2:425:Infinity":33,"b:422:6:422:27:422:27:422:62":15,"s:423:21:423:Infinity":34,"s:424:4:424:Infinity":35,"b:424:11:424:30:424:30:424:Infinity":16,"s:427:2:427:Infinity":36,"f:433:16:433:35":18,"s:434:19:434:Infinity":37,"s:435:2:435:Infinity":38,"f:435:23:435:24":19,"s:435:34:435:72":39}}}
,"/Users/jrjohn/Documents/projects/arcana-react/src/app/core/providers/AuthProvider.tsx": {"path":"/Users/jrjohn/Documents/projects/arcana-react/src/app/core/providers/AuthProvider.tsx","statementMap":{"0":{"start":{"line":31,"column":31},"end":{"line":39,"column":null}},"1":{"start":{"line":41,"column":19},"end":{"line":41,"column":null}},"2":{"start":{"line":47,"column":6},"end":{"line":47,"column":null}},"3":{"start":{"line":54,"column":2},"end":{"line":66,"column":null}},"4":{"start":{"line":55,"column":24},"end":{"line":55,"column":null}},"5":{"start":{"line":56,"column":23},"end":{"line":56,"column":null}},"6":{"start":{"line":58,"column":4},"end":{"line":63,"column":null}},"7":{"start":{"line":59,"column":6},"end":{"line":62,"column":null}},"8":{"start":{"line":65,"column":4},"end":{"line":65,"column":null}},"9":{"start":{"line":68,"column":2},"end":{"line":68,"column":null}},"10":{"start":{"line":80,"column":36},"end":{"line":83,"column":null}},"11":{"start":{"line":81,"column":21},"end":{"line":81,"column":null}},"12":{"start":{"line":82,"column":4},"end":{"line":82,"column":null}},"13":{"start":{"line":85,"column":24},"end":{"line":88,"column":null}},"14":{"start":{"line":86,"column":22},"end":{"line":86,"column":null}},"15":{"start":{"line":87,"column":4},"end":{"line":87,"column":null}},"16":{"start":{"line":90,"column":26},"end":{"line":90,"column":null}},"17":{"start":{"line":93,"column":2},"end":{"line":101,"column":null}},"18":{"start":{"line":94,"column":4},"end":{"line":100,"column":null}},"19":{"start":{"line":95,"column":6},"end":{"line":95,"column":null}},"20":{"start":{"line":96,"column":6},"end":{"line":96,"column":null}},"21":{"start":{"line":98,"column":6},"end":{"line":98,"column":null}},"22":{"start":{"line":99,"column":6},"end":{"line":99,"column":null}},"23":{"start":{"line":103,"column":8},"end":{"line":108,"column":null}},"24":{"start":{"line":105,"column":4},"end":{"line":105,"column":null}},"25":{"start":{"line":105,"column":33},"end":{"line":105,"column":57}},"26":{"start":{"line":106,"column":4},"end":{"line":106,"column":null}},"27":{"start":{"line":107,"column":4},"end":{"line":107,"column":null}},"28":{"start":{"line":110,"column":8},"end":{"line":115,"column":null}},"29":{"start":{"line":111,"column":4},"end":{"line":111,"column":null}},"30":{"start":{"line":112,"column":4},"end":{"line":112,"column":null}},"31":{"start":{"line":113,"column":4},"end":{"line":113,"column":null}},"32":{"start":{"line":114,"column":4},"end":{"line":114,"column":null}},"33":{"start":{"line":117,"column":8},"end":{"line":119,"column":null}},"34":{"start":{"line":118,"column":4},"end":{"line":118,"column":null}},"35":{"start":{"line":118,"column":27},"end":{"line":118,"column":64}},"36":{"start":{"line":121,"column":33},"end":{"line":128,"column":null}},"37":{"start":{"line":130,"column":2},"end":{"line":133,"column":null}},"38":{"start":{"line":142,"column":8},"end":{"line":142,"column":null}},"39":{"start":{"line":143,"column":2},"end":{"line":145,"column":null}},"40":{"start":{"line":144,"column":4},"end":{"line":144,"column":null}},"41":{"start":{"line":146,"column":2},"end":{"line":146,"column":null}}},"fnMap":{"0":{"name":"loadStoredAuth","decl":{"start":{"line":53,"column":9},"end":{"line":53,"column":78}},"loc":{"start":{"line":53,"column":78},"end":{"line":69,"column":null}},"line":53},"1":{"name":"AuthProvider","decl":{"start":{"line":79,"column":16},"end":{"line":79,"column":29}},"loc":{"start":{"line":79,"column":62},"end":{"line":135,"column":null}},"line":79},"2":{"name":"(anonymous_2)","decl":{"start":{"line":80,"column":69},"end":{"line":80,"column":75}},"loc":{"start":{"line":80,"column":75},"end":{"line":83,"column":3}},"line":80},"3":{"name":"(anonymous_3)","decl":{"start":{"line":85,"column":52},"end":{"line":85,"column":58}},"loc":{"start":{"line":85,"column":58},"end":{"line":88,"column":3}},"line":85},"4":{"name":"(anonymous_4)","decl":{"start":{"line":93,"column":12},"end":{"line":93,"column":18}},"loc":{"start":{"line":93,"column":18},"end":{"line":101,"column":5}},"line":93},"5":{"name":"(anonymous_5)","decl":{"start":{"line":103,"column":28},"end":{"line":103,"column":35}},"loc":{"start":{"line":103,"column":88},"end":{"line":108,"column":5}},"line":103},"6":{"name":"(anonymous_6)","decl":{"start":{"line":105,"column":22},"end":{"line":105,"column":33}},"loc":{"start":{"line":105,"column":33},"end":{"line":105,"column":57}},"line":105},"7":{"name":"(anonymous_7)","decl":{"start":{"line":110,"column":29},"end":{"line":110,"column":35}},"loc":{"start":{"line":110,"column":35},"end":{"line":115,"column":5}},"line":110},"8":{"name":"(anonymous_8)","decl":{"start":{"line":117,"column":33},"end":{"line":117,"column":34}},"loc":{"start":{"line":117,"column":68},"end":{"line":119,"column":5}},"line":117},"9":{"name":"(anonymous_9)","decl":{"start":{"line":118,"column":19},"end":{"line":118,"column":27}},"loc":{"start":{"line":118,"column":27},"end":{"line":118,"column":64}},"line":118},"10":{"name":"useAuth","decl":{"start":{"line":141,"column":16},"end":{"line":141,"column":43}},"loc":{"start":{"line":141,"column":43},"end":{"line":147,"column":null}},"line":141}},"branchMap":{"0":{"loc":{"start":{"line":58,"column":4},"end":{"line":63,"column":null}},"type":"if","locations":[{"start":{"line":58,"column":4},"end":{"line":63,"column":null}},{"start":{},"end":{}}],"line":58},"1":{"loc":{"start":{"line":58,"column":8},"end":{"line":58,"column":35}},"type":"binary-expr","locations":[{"start":{"line":58,"column":8},"end":{"line":58,"column":23}},{"start":{"line":58,"column":23},"end":{"line":58,"column":35}}],"line":58},"2":{"loc":{"start":{"line":82,"column":11},"end":{"line":82,"column":null}},"type":"binary-expr","locations":[{"start":{"line":82,"column":11},"end":{"line":82,"column":19}},{"start":{"line":82,"column":19},"end":{"line":82,"column":null}}],"line":82},"3":{"loc":{"start":{"line":87,"column":11},"end":{"line":87,"column":null}},"type":"binary-expr","locations":[{"start":{"line":87,"column":11},"end":{"line":87,"column":20}},{"start":{"line":87,"column":20},"end":{"line":87,"column":null}}],"line":87},"4":{"loc":{"start":{"line":90,"column":26},"end":{"line":90,"column":null}},"type":"binary-expr","locations":[{"start":{"line":90,"column":26},"end":{"line":90,"column":43}},{"start":{"line":90,"column":43},"end":{"line":90,"column":null}}],"line":90},"5":{"loc":{"start":{"line":94,"column":4},"end":{"line":100,"column":null}},"type":"if","locations":[{"start":{"line":94,"column":4},"end":{"line":100,"column":null}},{"start":{"line":97,"column":11},"end":{"line":100,"column":null}}],"line":94},"6":{"loc":{"start":{"line":94,"column":8},"end":{"line":94,"column":30}},"type":"binary-expr","locations":[{"start":{"line":94,"column":8},"end":{"line":94,"column":23}},{"start":{"line":94,"column":23},"end":{"line":94,"column":30}}],"line":94},"7":{"loc":{"start":{"line":118,"column":27},"end":{"line":118,"column":64}},"type":"cond-expr","locations":[{"start":{"line":118,"column":34},"end":{"line":118,"column":60}},{"start":{"line":118,"column":60},"end":{"line":118,"column":64}}],"line":118},"8":{"loc":{"start":{"line":143,"column":2},"end":{"line":145,"column":null}},"type":"if","locations":[{"start":{"line":143,"column":2},"end":{"line":145,"column":null}},{"start":{},"end":{}}],"line":143}},"s":{"0":4,"1":4,"2":4,"3":74,"4":74,"5":74,"6":74,"7":2,"8":0,"9":72,"10":41,"11":37,"12":37,"13":41,"14":37,"15":37,"16":41,"17":41,"18":41,"19":38,"20":38,"21":3,"22":3,"23":41,"24":1,"25":1,"26":0,"27":0,"28":41,"29":3,"30":3,"31":3,"32":3,"33":41,"34":1,"35":1,"36":41,"37":41,"38":71,"39":71,"40":2,"41":68},"f":{"0":74,"1":41,"2":37,"3":37,"4":41,"5":1,"6":1,"7":3,"8":1,"9":1,"10":71},"b":{"0":[2,72],"1":[74,2],"2":[37,36],"3":[37,36],"4":[41,38],"5":[38,3],"6":[41,38],"7":[1,0],"8":[2,69]},"meta":{"lastBranch":9,"lastFunction":11,"lastStatement":42,"seen":{"s:31:31:39:Infinity":0,"s:41:19:41:Infinity":1,"s:47:6:47:Infinity":2,"f:53:9:53:78":0,"s:54:2:66:Infinity":3,"s:55:24:55:Infinity":4,"s:56:23:56:Infinity":5,"b:58:4:63:Infinity:undefined:undefined:undefined:undefined":0,"s:58:4:63:Infinity":6,"b:58:8:58:23:58:23:58:35":1,"s:59:6:62:Infinity":7,"s:65:4:65:Infinity":8,"s:68:2:68:Infinity":9,"f:79:16:79:29":1,"s:80:36:83:Infinity":10,"f:80:69:80:75":2,"s:81:21:81:Infinity":11,"s:82:4:82:Infinity":12,"b:82:11:82:19:82:19:82:Infinity":2,"s:85:24:88:Infinity":13,"f:85:52:85:58":3,"s:86:22:86:Infinity":14,"s:87:4:87:Infinity":15,"b:87:11:87:20:87:20:87:Infinity":3,"s:90:26:90:Infinity":16,"b:90:26:90:43:90:43:90:Infinity":4,"s:93:2:101:Infinity":17,"f:93:12:93:18":4,"b:94:4:100:Infinity:97:11:100:Infinity":5,"s:94:4:100:Infinity":18,"b:94:8:94:23:94:23:94:30":6,"s:95:6:95:Infinity":19,"s:96:6:96:Infinity":20,"s:98:6:98:Infinity":21,"s:99:6:99:Infinity":22,"s:103:8:108:Infinity":23,"f:103:28:103:35":5,"s:105:4:105:Infinity":24,"f:105:22:105:33":6,"s:105:33:105:57":25,"s:106:4:106:Infinity":26,"s:107:4:107:Infinity":27,"s:110:8:115:Infinity":28,"f:110:29:110:35":7,"s:111:4:111:Infinity":29,"s:112:4:112:Infinity":30,"s:113:4:113:Infinity":31,"s:114:4:114:Infinity":32,"s:117:8:119:Infinity":33,"f:117:33:117:34":8,"s:118:4:118:Infinity":34,"f:118:19:118:27":9,"s:118:27:118:64":35,"b:118:34:118:60:118:60:118:64":7,"s:121:33:128:Infinity":36,"s:130:2:133:Infinity":37,"f:141:16:141:43":10,"s:142:8:142:Infinity":38,"b:143:2:145:Infinity:undefined:undefined:undefined:undefined":8,"s:143:2:145:Infinity":39,"s:144:4:144:Infinity":40,"s:146:2:146:Infinity":41}}}
,"/Users/jrjohn/Documents/projects/arcana-react/src/app/core/providers/I18nProvider.tsx": {"path":"/Users/jrjohn/Documents/projects/arcana-react/src/app/core/providers/I18nProvider.tsx","statementMap":{"0":{"start":{"line":32,"column":36},"end":{"line":39,"column":null}},"1":{"start":{"line":45,"column":21},"end":{"line":45,"column":null}},"2":{"start":{"line":48,"column":0},"end":{"line":245,"column":null}},"3":{"start":{"line":248,"column":0},"end":{"line":445,"column":null}},"4":{"start":{"line":448,"column":36},"end":{"line":448,"column":null}},"5":{"start":{"line":449,"column":0},"end":{"line":449,"column":null}},"6":{"start":{"line":450,"column":0},"end":{"line":450,"column":null}},"7":{"start":{"line":451,"column":0},"end":{"line":451,"column":null}},"8":{"start":{"line":452,"column":0},"end":{"line":452,"column":null}},"9":{"start":{"line":453,"column":0},"end":{"line":453,"column":null}},"10":{"start":{"line":454,"column":0},"end":{"line":454,"column":null}},"11":{"start":{"line":455,"column":0},"end":{"line":455,"column":null}},"12":{"start":{"line":456,"column":0},"end":{"line":456,"column":null}},"13":{"start":{"line":457,"column":0},"end":{"line":457,"column":null}},"14":{"start":{"line":458,"column":0},"end":{"line":458,"column":null}},"15":{"start":{"line":459,"column":0},"end":{"line":459,"column":null}},"16":{"start":{"line":460,"column":0},"end":{"line":460,"column":null}},"17":{"start":{"line":461,"column":0},"end":{"line":461,"column":null}},"18":{"start":{"line":462,"column":0},"end":{"line":462,"column":null}},"19":{"start":{"line":463,"column":0},"end":{"line":463,"column":null}},"20":{"start":{"line":464,"column":0},"end":{"line":464,"column":null}},"21":{"start":{"line":467,"column":0},"end":{"line":485,"column":null}},"22":{"start":{"line":488,"column":0},"end":{"line":506,"column":null}},"23":{"start":{"line":509,"column":0},"end":{"line":527,"column":null}},"24":{"start":{"line":533,"column":6},"end":{"line":533,"column":null}},"25":{"start":{"line":540,"column":17},"end":{"line":540,"column":null}},"26":{"start":{"line":541,"column":2},"end":{"line":543,"column":null}},"27":{"start":{"line":541,"column":36},"end":{"line":541,"column":53}},"28":{"start":{"line":542,"column":4},"end":{"line":542,"column":null}},"29":{"start":{"line":544,"column":2},"end":{"line":544,"column":null}},"30":{"start":{"line":556,"column":44},"end":{"line":556,"column":null}},"31":{"start":{"line":558,"column":32},"end":{"line":558,"column":null}},"32":{"start":{"line":558,"column":52},"end":{"line":558,"column":78}},"33":{"start":{"line":560,"column":8},"end":{"line":564,"column":null}},"34":{"start":{"line":561,"column":4},"end":{"line":561,"column":null}},"35":{"start":{"line":562,"column":4},"end":{"line":562,"column":null}},"36":{"start":{"line":563,"column":4},"end":{"line":563,"column":null}},"37":{"start":{"line":566,"column":8},"end":{"line":593,"column":null}},"38":{"start":{"line":567,"column":23},"end":{"line":567,"column":null}},"39":{"start":{"line":569,"column":4},"end":{"line":572,"column":null}},"40":{"start":{"line":570,"column":6},"end":{"line":570,"column":null}},"41":{"start":{"line":571,"column":6},"end":{"line":571,"column":null}},"42":{"start":{"line":574,"column":22},"end":{"line":574,"column":null}},"43":{"start":{"line":576,"column":4},"end":{"line":580,"column":null}},"44":{"start":{"line":578,"column":27},"end":{"line":578,"column":null}},"45":{"start":{"line":579,"column":6},"end":{"line":579,"column":null}},"46":{"start":{"line":583,"column":4},"end":{"line":590,"column":null}},"47":{"start":{"line":584,"column":6},"end":{"line":589,"column":null}},"48":{"start":{"line":585,"column":8},"end":{"line":588,"column":null}},"49":{"start":{"line":592,"column":4},"end":{"line":592,"column":null}},"50":{"start":{"line":596,"column":2},"end":{"line":598,"column":null}},"51":{"start":{"line":597,"column":4},"end":{"line":597,"column":null}},"52":{"start":{"line":600,"column":33},"end":{"line":607,"column":null}},"53":{"start":{"line":609,"column":2},"end":{"line":612,"column":null}},"54":{"start":{"line":621,"column":8},"end":{"line":621,"column":null}},"55":{"start":{"line":622,"column":2},"end":{"line":624,"column":null}},"56":{"start":{"line":623,"column":4},"end":{"line":623,"column":null}},"57":{"start":{"line":625,"column":2},"end":{"line":625,"column":null}},"58":{"start":{"line":630,"column":16},"end":{"line":630,"column":null}},"59":{"start":{"line":631,"column":2},"end":{"line":631,"column":null}}},"fnMap":{"0":{"name":"loadLanguage","decl":{"start":{"line":539,"column":9},"end":{"line":539,"column":34}},"loc":{"start":{"line":539,"column":34},"end":{"line":545,"column":null}},"line":539},"1":{"name":"(anonymous_1)","decl":{"start":{"line":541,"column":31},"end":{"line":541,"column":36}},"loc":{"start":{"line":541,"column":36},"end":{"line":541,"column":53}},"line":541},"2":{"name":"I18nProvider","decl":{"start":{"line":555,"column":16},"end":{"line":555,"column":29}},"loc":{"start":{"line":555,"column":62},"end":{"line":614,"column":null}},"line":555},"3":{"name":"(anonymous_3)","decl":{"start":{"line":558,"column":47},"end":{"line":558,"column":52}},"loc":{"start":{"line":558,"column":52},"end":{"line":558,"column":78}},"line":558},"4":{"name":"(anonymous_4)","decl":{"start":{"line":560,"column":34},"end":{"line":560,"column":35}},"loc":{"start":{"line":560,"column":58},"end":{"line":564,"column":5}},"line":560},"5":{"name":"(anonymous_5)","decl":{"start":{"line":566,"column":32},"end":{"line":566,"column":33}},"loc":{"start":{"line":566,"column":99},"end":{"line":593,"column":5}},"line":566},"6":{"name":"(anonymous_6)","decl":{"start":{"line":584,"column":37},"end":{"line":584,"column":38}},"loc":{"start":{"line":584,"column":65},"end":{"line":589,"column":7}},"line":584},"7":{"name":"(anonymous_7)","decl":{"start":{"line":596,"column":12},"end":{"line":596,"column":18}},"loc":{"start":{"line":596,"column":18},"end":{"line":598,"column":5}},"line":596},"8":{"name":"useI18n","decl":{"start":{"line":620,"column":16},"end":{"line":620,"column":43}},"loc":{"start":{"line":620,"column":43},"end":{"line":626,"column":null}},"line":620},"9":{"name":"useTranslation","decl":{"start":{"line":629,"column":16},"end":{"line":629,"column":33}},"loc":{"start":{"line":629,"column":33},"end":{"line":632,"column":null}},"line":629}},"branchMap":{"0":{"loc":{"start":{"line":541,"column":2},"end":{"line":543,"column":null}},"type":"if","locations":[{"start":{"line":541,"column":2},"end":{"line":543,"column":null}},{"start":{},"end":{}}],"line":541},"1":{"loc":{"start":{"line":541,"column":6},"end":{"line":541,"column":56}},"type":"binary-expr","locations":[{"start":{"line":541,"column":6},"end":{"line":541,"column":16}},{"start":{"line":541,"column":16},"end":{"line":541,"column":56}}],"line":541},"2":{"loc":{"start":{"line":569,"column":4},"end":{"line":572,"column":null}},"type":"if","locations":[{"start":{"line":569,"column":4},"end":{"line":572,"column":null}},{"start":{},"end":{}}],"line":569},"3":{"loc":{"start":{"line":576,"column":4},"end":{"line":580,"column":null}},"type":"if","locations":[{"start":{"line":576,"column":4},"end":{"line":580,"column":null}},{"start":{},"end":{}}],"line":576},"4":{"loc":{"start":{"line":579,"column":20},"end":{"line":579,"column":null}},"type":"binary-expr","locations":[{"start":{"line":579,"column":20},"end":{"line":579,"column":43}},{"start":{"line":579,"column":43},"end":{"line":579,"column":null}}],"line":579},"5":{"loc":{"start":{"line":583,"column":4},"end":{"line":590,"column":null}},"type":"if","locations":[{"start":{"line":583,"column":4},"end":{"line":590,"column":null}},{"start":{},"end":{}}],"line":583},"6":{"loc":{"start":{"line":583,"column":8},"end":{"line":583,"column":31}},"type":"binary-expr","locations":[{"start":{"line":583,"column":8},"end":{"line":583,"column":18}},{"start":{"line":583,"column":18},"end":{"line":583,"column":31}}],"line":583},"7":{"loc":{"start":{"line":622,"column":2},"end":{"line":624,"column":null}},"type":"if","locations":[{"start":{"line":622,"column":2},"end":{"line":624,"column":null}},{"start":{},"end":{}}],"line":622}},"s":{"0":4,"1":4,"2":4,"3":4,"4":4,"5":4,"6":4,"7":4,"8":4,"9":4,"10":4,"11":4,"12":4,"13":4,"14":4,"15":4,"16":4,"17":4,"18":4,"19":4,"20":4,"21":4,"22":4,"23":4,"24":4,"25":42,"26":42,"27":4,"28":2,"29":40,"30":44,"31":44,"32":50,"33":44,"34":2,"35":2,"36":2,"37":44,"38":799,"39":799,"40":0,"41":0,"42":799,"43":799,"44":1,"45":1,"46":799,"47":20,"48":20,"49":799,"50":44,"51":44,"52":44,"53":44,"54":90,"55":90,"56":2,"57":87,"58":1,"59":1},"f":{"0":42,"1":4,"2":44,"3":50,"4":2,"5":799,"6":20,"7":44,"8":90,"9":1},"b":{"0":[2,40],"1":[42,2],"2":[0,799],"3":[1,798],"4":[1,1],"5":[20,779],"6":[799,20],"7":[2,88]},"meta":{"lastBranch":8,"lastFunction":10,"lastStatement":60,"seen":{"s:32:36:39:Infinity":0,"s:45:21:45:Infinity":1,"s:48:0:245:Infinity":2,"s:248:0:445:Infinity":3,"s:448:36:448:Infinity":4,"s:449:0:449:Infinity":5,"s:450:0:450:Infinity":6,"s:451:0:451:Infinity":7,"s:452:0:452:Infinity":8,"s:453:0:453:Infinity":9,"s:454:0:454:Infinity":10,"s:455:0:455:Infinity":11,"s:456:0:456:Infinity":12,"s:457:0:457:Infinity":13,"s:458:0:458:Infinity":14,"s:459:0:459:Infinity":15,"s:460:0:460:Infinity":16,"s:461:0:461:Infinity":17,"s:462:0:462:Infinity":18,"s:463:0:463:Infinity":19,"s:464:0:464:Infinity":20,"s:467:0:485:Infinity":21,"s:488:0:506:Infinity":22,"s:509:0:527:Infinity":23,"s:533:6:533:Infinity":24,"f:539:9:539:34":0,"s:540:17:540:Infinity":25,"b:541:2:543:Infinity:undefined:undefined:undefined:undefined":0,"s:541:2:543:Infinity":26,"b:541:6:541:16:541:16:541:56":1,"f:541:31:541:36":1,"s:541:36:541:53":27,"s:542:4:542:Infinity":28,"s:544:2:544:Infinity":29,"f:555:16:555:29":2,"s:556:44:556:Infinity":30,"s:558:32:558:Infinity":31,"f:558:47:558:52":3,"s:558:52:558:78":32,"s:560:8:564:Infinity":33,"f:560:34:560:35":4,"s:561:4:561:Infinity":34,"s:562:4:562:Infinity":35,"s:563:4:563:Infinity":36,"s:566:8:593:Infinity":37,"f:566:32:566:33":5,"s:567:23:567:Infinity":38,"b:569:4:572:Infinity:undefined:undefined:undefined:undefined":2,"s:569:4:572:Infinity":39,"s:570:6:570:Infinity":40,"s:571:6:571:Infinity":41,"s:574:22:574:Infinity":42,"b:576:4:580:Infinity:undefined:undefined:undefined:undefined":3,"s:576:4:580:Infinity":43,"s:578:27:578:Infinity":44,"s:579:6:579:Infinity":45,"b:579:20:579:43:579:43:579:Infinity":4,"b:583:4:590:Infinity:undefined:undefined:undefined:undefined":5,"s:583:4:590:Infinity":46,"b:583:8:583:18:583:18:583:31":6,"s:584:6:589:Infinity":47,"f:584:37:584:38":6,"s:585:8:588:Infinity":48,"s:592:4:592:Infinity":49,"s:596:2:598:Infinity":50,"f:596:12:596:18":7,"s:597:4:597:Infinity":51,"s:600:33:607:Infinity":52,"s:609:2:612:Infinity":53,"f:620:16:620:43":8,"s:621:8:621:Infinity":54,"b:622:2:624:Infinity:undefined:undefined:undefined:undefined":7,"s:622:2:624:Infinity":55,"s:623:4:623:Infinity":56,"s:625:2:625:Infinity":57,"f:629:16:629:33":9,"s:630:16:630:Infinity":58,"s:631:2:631:Infinity":59}}}
,"/Users/jrjohn/Documents/projects/arcana-react/src/app/core/providers/ThemeProvider.tsx": {"path":"/Users/jrjohn/Documents/projects/arcana-react/src/app/core/providers/ThemeProvider.tsx","statementMap":{"0":{"start":{"line":21,"column":6},"end":{"line":21,"column":null}},"1":{"start":{"line":28,"column":17},"end":{"line":28,"column":null}},"2":{"start":{"line":29,"column":2},"end":{"line":31,"column":null}},"3":{"start":{"line":30,"column":4},"end":{"line":30,"column":null}},"4":{"start":{"line":33,"column":2},"end":{"line":35,"column":null}},"5":{"start":{"line":34,"column":4},"end":{"line":34,"column":null}},"6":{"start":{"line":36,"column":2},"end":{"line":36,"column":null}},"7":{"start":{"line":40,"column":2},"end":{"line":40,"column":null}},"8":{"start":{"line":41,"column":2},"end":{"line":41,"column":null}},"9":{"start":{"line":53,"column":29},"end":{"line":53,"column":null}},"10":{"start":{"line":55,"column":21},"end":{"line":55,"column":null}},"11":{"start":{"line":57,"column":8},"end":{"line":61,"column":null}},"12":{"start":{"line":58,"column":4},"end":{"line":58,"column":null}},"13":{"start":{"line":59,"column":4},"end":{"line":59,"column":null}},"14":{"start":{"line":60,"column":4},"end":{"line":60,"column":null}},"15":{"start":{"line":63,"column":8},"end":{"line":65,"column":null}},"16":{"start":{"line":64,"column":4},"end":{"line":64,"column":null}},"17":{"start":{"line":68,"column":2},"end":{"line":70,"column":null}},"18":{"start":{"line":69,"column":4},"end":{"line":69,"column":null}},"19":{"start":{"line":73,"column":2},"end":{"line":83,"column":null}},"20":{"start":{"line":74,"column":23},"end":{"line":74,"column":null}},"21":{"start":{"line":75,"column":20},"end":{"line":80,"column":null}},"22":{"start":{"line":77,"column":6},"end":{"line":79,"column":null}},"23":{"start":{"line":78,"column":8},"end":{"line":78,"column":null}},"24":{"start":{"line":81,"column":4},"end":{"line":81,"column":null}},"25":{"start":{"line":82,"column":4},"end":{"line":82,"column":null}},"26":{"start":{"line":82,"column":17},"end":{"line":82,"column":null}},"27":{"start":{"line":85,"column":34},"end":{"line":90,"column":null}},"28":{"start":{"line":92,"column":2},"end":{"line":95,"column":null}},"29":{"start":{"line":104,"column":8},"end":{"line":104,"column":null}},"30":{"start":{"line":105,"column":2},"end":{"line":107,"column":null}},"31":{"start":{"line":106,"column":4},"end":{"line":106,"column":null}},"32":{"start":{"line":108,"column":2},"end":{"line":108,"column":null}}},"fnMap":{"0":{"name":"loadTheme","decl":{"start":{"line":27,"column":9},"end":{"line":27,"column":28}},"loc":{"start":{"line":27,"column":28},"end":{"line":37,"column":null}},"line":27},"1":{"name":"applyTheme","decl":{"start":{"line":39,"column":9},"end":{"line":39,"column":20}},"loc":{"start":{"line":39,"column":34},"end":{"line":42,"column":null}},"line":39},"2":{"name":"ThemeProvider","decl":{"start":{"line":52,"column":16},"end":{"line":52,"column":30}},"loc":{"start":{"line":52,"column":64},"end":{"line":97,"column":null}},"line":52},"3":{"name":"(anonymous_3)","decl":{"start":{"line":57,"column":31},"end":{"line":57,"column":32}},"loc":{"start":{"line":57,"column":52},"end":{"line":61,"column":5}},"line":57},"4":{"name":"(anonymous_4)","decl":{"start":{"line":63,"column":34},"end":{"line":63,"column":40}},"loc":{"start":{"line":63,"column":40},"end":{"line":65,"column":5}},"line":63},"5":{"name":"(anonymous_5)","decl":{"start":{"line":68,"column":12},"end":{"line":68,"column":18}},"loc":{"start":{"line":68,"column":18},"end":{"line":70,"column":5}},"line":68},"6":{"name":"(anonymous_6)","decl":{"start":{"line":73,"column":12},"end":{"line":73,"column":18}},"loc":{"start":{"line":73,"column":18},"end":{"line":83,"column":5}},"line":73},"7":{"name":"(anonymous_7)","decl":{"start":{"line":75,"column":20},"end":{"line":75,"column":21}},"loc":{"start":{"line":75,"column":48},"end":{"line":80,"column":null}},"line":75},"8":{"name":"(anonymous_8)","decl":{"start":{"line":82,"column":11},"end":{"line":82,"column":17}},"loc":{"start":{"line":82,"column":17},"end":{"line":82,"column":null}},"line":82},"9":{"name":"useTheme","decl":{"start":{"line":103,"column":16},"end":{"line":103,"column":45}},"loc":{"start":{"line":103,"column":45},"end":{"line":109,"column":null}},"line":103}},"branchMap":{"0":{"loc":{"start":{"line":29,"column":2},"end":{"line":31,"column":null}},"type":"if","locations":[{"start":{"line":29,"column":2},"end":{"line":31,"column":null}},{"start":{},"end":{}}],"line":29},"1":{"loc":{"start":{"line":29,"column":6},"end":{"line":29,"column":47}},"type":"binary-expr","locations":[{"start":{"line":29,"column":6},"end":{"line":29,"column":27}},{"start":{"line":29,"column":27},"end":{"line":29,"column":47}}],"line":29},"2":{"loc":{"start":{"line":33,"column":2},"end":{"line":35,"column":null}},"type":"if","locations":[{"start":{"line":33,"column":2},"end":{"line":35,"column":null}},{"start":{},"end":{}}],"line":33},"3":{"loc":{"start":{"line":64,"column":13},"end":{"line":64,"column":42}},"type":"cond-expr","locations":[{"start":{"line":64,"column":26},"end":{"line":64,"column":36}},{"start":{"line":64,"column":36},"end":{"line":64,"column":42}}],"line":64},"4":{"loc":{"start":{"line":77,"column":6},"end":{"line":79,"column":null}},"type":"if","locations":[{"start":{"line":77,"column":6},"end":{"line":79,"column":null}},{"start":{},"end":{}}],"line":77},"5":{"loc":{"start":{"line":78,"column":17},"end":{"line":78,"column":45}},"type":"cond-expr","locations":[{"start":{"line":78,"column":29},"end":{"line":78,"column":38}},{"start":{"line":78,"column":38},"end":{"line":78,"column":45}}],"line":78},"6":{"loc":{"start":{"line":105,"column":2},"end":{"line":107,"column":null}},"type":"if","locations":[{"start":{"line":105,"column":2},"end":{"line":107,"column":null}},{"start":{},"end":{}}],"line":105}},"s":{"0":2,"1":16,"2":16,"3":1,"4":15,"5":0,"6":15,"7":26,"8":26,"9":21,"10":21,"11":21,"12":5,"13":5,"14":5,"15":21,"16":1,"17":21,"18":21,"19":21,"20":16,"21":16,"22":0,"23":0,"24":16,"25":16,"26":16,"27":21,"28":21,"29":28,"30":28,"31":2,"32":25},"f":{"0":16,"1":26,"2":21,"3":5,"4":1,"5":21,"6":16,"7":0,"8":16,"9":28},"b":{"0":[1,15],"1":[16,15],"2":[0,15],"3":[0,1],"4":[0,0],"5":[0,0],"6":[2,26]},"meta":{"lastBranch":7,"lastFunction":10,"lastStatement":33,"seen":{"s:21:6:21:Infinity":0,"f:27:9:27:28":0,"s:28:17:28:Infinity":1,"b:29:2:31:Infinity:undefined:undefined:undefined:undefined":0,"s:29:2:31:Infinity":2,"b:29:6:29:27:29:27:29:47":1,"s:30:4:30:Infinity":3,"b:33:2:35:Infinity:undefined:undefined:undefined:undefined":2,"s:33:2:35:Infinity":4,"s:34:4:34:Infinity":5,"s:36:2:36:Infinity":6,"f:39:9:39:20":1,"s:40:2:40:Infinity":7,"s:41:2:41:Infinity":8,"f:52:16:52:30":2,"s:53:29:53:Infinity":9,"s:55:21:55:Infinity":10,"s:57:8:61:Infinity":11,"f:57:31:57:32":3,"s:58:4:58:Infinity":12,"s:59:4:59:Infinity":13,"s:60:4:60:Infinity":14,"s:63:8:65:Infinity":15,"f:63:34:63:40":4,"s:64:4:64:Infinity":16,"b:64:26:64:36:64:36:64:42":3,"s:68:2:70:Infinity":17,"f:68:12:68:18":5,"s:69:4:69:Infinity":18,"s:73:2:83:Infinity":19,"f:73:12:73:18":6,"s:74:23:74:Infinity":20,"s:75:20:80:Infinity":21,"f:75:20:75:21":7,"b:77:6:79:Infinity:undefined:undefined:undefined:undefined":4,"s:77:6:79:Infinity":22,"s:78:8:78:Infinity":23,"b:78:29:78:38:78:38:78:45":5,"s:81:4:81:Infinity":24,"s:82:4:82:Infinity":25,"f:82:11:82:17":8,"s:82:17:82:Infinity":26,"s:85:34:90:Infinity":27,"s:92:2:95:Infinity":28,"f:103:16:103:45":9,"s:104:8:104:Infinity":29,"b:105:2:107:Infinity:undefined:undefined:undefined:undefined":6,"s:105:2:107:Infinity":30,"s:106:4:106:Infinity":31,"s:108:2:108:Infinity":32}}}
,"/Users/jrjohn/Documents/projects/arcana-react/src/app/data/api/interceptors/csrfInterceptor.ts": {"path":"/Users/jrjohn/Documents/projects/arcana-react/src/app/data/api/interceptors/csrfInterceptor.ts","statementMap":{"0":{"start":{"line":14,"column":23},"end":{"line":14,"column":null}},"1":{"start":{"line":15,"column":25},"end":{"line":15,"column":null}},"2":{"start":{"line":22,"column":33},"end":{"line":22,"column":null}},"3":{"start":{"line":23,"column":39},"end":{"line":23,"column":null}},"4":{"start":{"line":24,"column":56},"end":{"line":24,"column":null}},"5":{"start":{"line":29,"column":31},"end":{"line":29,"column":null}},"6":{"start":{"line":33,"column":4},"end":{"line":33,"column":null}},"7":{"start":{"line":40,"column":4},"end":{"line":53,"column":null}},"8":{"start":{"line":41,"column":21},"end":{"line":41,"column":null}},"9":{"start":{"line":42,"column":6},"end":{"line":50,"column":null}},"10":{"start":{"line":43,"column":34},"end":{"line":43,"column":null}},"11":{"start":{"line":44,"column":8},"end":{"line":49,"column":null}},"12":{"start":{"line":45,"column":10},"end":{"line":45,"column":null}},"13":{"start":{"line":46,"column":10},"end":{"line":46,"column":null}},"14":{"start":{"line":48,"column":10},"end":{"line":48,"column":null}},"15":{"start":{"line":60,"column":4},"end":{"line":69,"column":null}},"16":{"start":{"line":61,"column":6},"end":{"line":68,"column":null}},"17":{"start":{"line":62,"column":8},"end":{"line":65,"column":null}},"18":{"start":{"line":77,"column":18},"end":{"line":77,"column":null}},"19":{"start":{"line":78,"column":4},"end":{"line":78,"column":null}},"20":{"start":{"line":79,"column":4},"end":{"line":79,"column":null}},"21":{"start":{"line":79,"column":39},"end":{"line":79,"column":73}},"22":{"start":{"line":86,"column":4},"end":{"line":86,"column":null}},"23":{"start":{"line":95,"column":4},"end":{"line":97,"column":null}},"24":{"start":{"line":96,"column":6},"end":{"line":96,"column":null}},"25":{"start":{"line":100,"column":4},"end":{"line":102,"column":null}},"26":{"start":{"line":101,"column":6},"end":{"line":101,"column":null}},"27":{"start":{"line":105,"column":4},"end":{"line":105,"column":null}},"28":{"start":{"line":107,"column":4},"end":{"line":111,"column":null}},"29":{"start":{"line":108,"column":6},"end":{"line":108,"column":null}},"30":{"start":{"line":110,"column":6},"end":{"line":110,"column":null}},"31":{"start":{"line":124,"column":4},"end":{"line":124,"column":null}},"32":{"start":{"line":125,"column":4},"end":{"line":125,"column":null}},"33":{"start":{"line":127,"column":4},"end":{"line":127,"column":null}},"34":{"start":{"line":129,"column":4},"end":{"line":129,"column":null}},"35":{"start":{"line":136,"column":4},"end":{"line":136,"column":null}},"36":{"start":{"line":137,"column":4},"end":{"line":137,"column":null}},"37":{"start":{"line":138,"column":4},"end":{"line":138,"column":null}},"38":{"start":{"line":145,"column":4},"end":{"line":145,"column":null}},"39":{"start":{"line":146,"column":4},"end":{"line":146,"column":null}},"40":{"start":{"line":147,"column":4},"end":{"line":147,"column":null}},"41":{"start":{"line":152,"column":32},"end":{"line":152,"column":null}},"42":{"start":{"line":158,"column":23},"end":{"line":158,"column":null}},"43":{"start":{"line":164,"column":2},"end":{"line":164,"column":null}},"44":{"start":{"line":164,"column":15},"end":{"line":164,"column":null}},"45":{"start":{"line":165,"column":2},"end":{"line":165,"column":null}},"46":{"start":{"line":172,"column":31},"end":{"line":201,"column":null}},"47":{"start":{"line":176,"column":2},"end":{"line":178,"column":null}},"48":{"start":{"line":177,"column":4},"end":{"line":177,"column":null}},"49":{"start":{"line":181,"column":18},"end":{"line":181,"column":null}},"50":{"start":{"line":182,"column":21},"end":{"line":182,"column":null}},"51":{"start":{"line":185,"column":2},"end":{"line":187,"column":null}},"52":{"start":{"line":186,"column":4},"end":{"line":186,"column":null}},"53":{"start":{"line":189,"column":2},"end":{"line":198,"column":null}},"54":{"start":{"line":190,"column":18},"end":{"line":190,"column":null}},"55":{"start":{"line":192,"column":4},"end":{"line":194,"column":null}},"56":{"start":{"line":193,"column":6},"end":{"line":193,"column":null}},"57":{"start":{"line":197,"column":4},"end":{"line":197,"column":null}},"58":{"start":{"line":200,"column":2},"end":{"line":200,"column":null}},"59":{"start":{"line":209,"column":2},"end":{"line":212,"column":null}},"60":{"start":{"line":210,"column":4},"end":{"line":210,"column":null}},"61":{"start":{"line":211,"column":4},"end":{"line":211,"column":null}},"62":{"start":{"line":214,"column":2},"end":{"line":214,"column":null}},"63":{"start":{"line":221,"column":2},"end":{"line":221,"column":null}}},"fnMap":{"0":{"name":"(anonymous_0)","decl":{"start":{"line":31,"column":2},"end":{"line":31,"column":16}},"loc":{"start":{"line":31,"column":16},"end":{"line":34,"column":null}},"line":31},"1":{"name":"(anonymous_1)","decl":{"start":{"line":39,"column":10},"end":{"line":39,"column":31}},"loc":{"start":{"line":39,"column":31},"end":{"line":54,"column":null}},"line":39},"2":{"name":"(anonymous_2)","decl":{"start":{"line":59,"column":10},"end":{"line":59,"column":28}},"loc":{"start":{"line":59,"column":28},"end":{"line":70,"column":null}},"line":59},"3":{"name":"(anonymous_3)","decl":{"start":{"line":76,"column":10},"end":{"line":76,"column":34}},"loc":{"start":{"line":76,"column":34},"end":{"line":80,"column":null}},"line":76},"4":{"name":"(anonymous_4)","decl":{"start":{"line":79,"column":29},"end":{"line":79,"column":30}},"loc":{"start":{"line":79,"column":39},"end":{"line":79,"column":73}},"line":79},"5":{"name":"(anonymous_5)","decl":{"start":{"line":85,"column":10},"end":{"line":85,"column":34}},"loc":{"start":{"line":85,"column":34},"end":{"line":87,"column":null}},"line":85},"6":{"name":"(anonymous_6)","decl":{"start":{"line":93,"column":8},"end":{"line":93,"column":36}},"loc":{"start":{"line":93,"column":36},"end":{"line":112,"column":null}},"line":93},"7":{"name":"(anonymous_7)","decl":{"start":{"line":117,"column":16},"end":{"line":117,"column":48}},"loc":{"start":{"line":117,"column":48},"end":{"line":130,"column":null}},"line":117},"8":{"name":"(anonymous_8)","decl":{"start":{"line":135,"column":2},"end":{"line":135,"column":21}},"loc":{"start":{"line":135,"column":21},"end":{"line":139,"column":null}},"line":135},"9":{"name":"(anonymous_9)","decl":{"start":{"line":144,"column":8},"end":{"line":144,"column":40}},"loc":{"start":{"line":144,"column":40},"end":{"line":148,"column":null}},"line":144},"10":{"name":"requiresCsrfProtection","decl":{"start":{"line":163,"column":9},"end":{"line":163,"column":32}},"loc":{"start":{"line":163,"column":58},"end":{"line":166,"column":null}},"line":163},"11":{"name":"(anonymous_11)","decl":{"start":{"line":172,"column":31},"end":{"line":172,"column":null}},"loc":{"start":{"line":174,"column":42},"end":{"line":201,"column":null}},"line":174},"12":{"name":"handleCsrfError","decl":{"start":{"line":207,"column":22},"end":{"line":207,"column":38}},"loc":{"start":{"line":207,"column":92},"end":{"line":215,"column":null}},"line":207},"13":{"name":"clearCsrfToken","decl":{"start":{"line":220,"column":16},"end":{"line":220,"column":39}},"loc":{"start":{"line":220,"column":39},"end":{"line":222,"column":null}},"line":220}},"branchMap":{"0":{"loc":{"start":{"line":42,"column":6},"end":{"line":50,"column":null}},"type":"if","locations":[{"start":{"line":42,"column":6},"end":{"line":50,"column":null}},{"start":{},"end":{}}],"line":42},"1":{"loc":{"start":{"line":44,"column":8},"end":{"line":49,"column":null}},"type":"if","locations":[{"start":{"line":44,"column":8},"end":{"line":49,"column":null}},{"start":{"line":47,"column":15},"end":{"line":49,"column":null}}],"line":44},"2":{"loc":{"start":{"line":60,"column":4},"end":{"line":69,"column":null}},"type":"if","locations":[{"start":{"line":60,"column":4},"end":{"line":69,"column":null}},{"start":{},"end":{}}],"line":60},"3":{"loc":{"start":{"line":60,"column":8},"end":{"line":60,"column":40}},"type":"binary-expr","locations":[{"start":{"line":60,"column":8},"end":{"line":60,"column":22}},{"start":{"line":60,"column":22},"end":{"line":60,"column":40}}],"line":60},"4":{"loc":{"start":{"line":86,"column":14},"end":{"line":86,"column":null}},"type":"binary-expr","locations":[{"start":{"line":86,"column":14},"end":{"line":86,"column":28}},{"start":{"line":86,"column":28},"end":{"line":86,"column":48}},{"start":{"line":86,"column":48},"end":{"line":86,"column":null}}],"line":86},"5":{"loc":{"start":{"line":95,"column":4},"end":{"line":97,"column":null}},"type":"if","locations":[{"start":{"line":95,"column":4},"end":{"line":97,"column":null}},{"start":{},"end":{}}],"line":95},"6":{"loc":{"start":{"line":100,"column":4},"end":{"line":102,"column":null}},"type":"if","locations":[{"start":{"line":100,"column":4},"end":{"line":102,"column":null}},{"start":{},"end":{}}],"line":100},"7":{"loc":{"start":{"line":164,"column":2},"end":{"line":164,"column":null}},"type":"if","locations":[{"start":{"line":164,"column":2},"end":{"line":164,"column":null}},{"start":{},"end":{}}],"line":164},"8":{"loc":{"start":{"line":176,"column":2},"end":{"line":178,"column":null}},"type":"if","locations":[{"start":{"line":176,"column":2},"end":{"line":178,"column":null}},{"start":{},"end":{}}],"line":176},"9":{"loc":{"start":{"line":182,"column":21},"end":{"line":182,"column":null}},"type":"binary-expr","locations":[{"start":{"line":182,"column":21},"end":{"line":182,"column":35}},{"start":{"line":182,"column":35},"end":{"line":182,"column":null}}],"line":182},"10":{"loc":{"start":{"line":185,"column":2},"end":{"line":187,"column":null}},"type":"if","locations":[{"start":{"line":185,"column":2},"end":{"line":187,"column":null}},{"start":{},"end":{}}],"line":185},"11":{"loc":{"start":{"line":185,"column":6},"end":{"line":185,"column":72}},"type":"binary-expr","locations":[{"start":{"line":185,"column":6},"end":{"line":185,"column":39}},{"start":{"line":185,"column":39},"end":{"line":185,"column":72}}],"line":185},"12":{"loc":{"start":{"line":192,"column":4},"end":{"line":194,"column":null}},"type":"if","locations":[{"start":{"line":192,"column":4},"end":{"line":194,"column":null}},{"start":{},"end":{}}],"line":192},"13":{"loc":{"start":{"line":209,"column":2},"end":{"line":212,"column":null}},"type":"if","locations":[{"start":{"line":209,"column":2},"end":{"line":212,"column":null}},{"start":{},"end":{}}],"line":209},"14":{"loc":{"start":{"line":209,"column":6},"end":{"line":209,"column":60}},"type":"binary-expr","locations":[{"start":{"line":209,"column":6},"end":{"line":209,"column":24}},{"start":{"line":209,"column":24},"end":{"line":209,"column":60}}],"line":209}},"s":{"0":1,"1":1,"2":1,"3":1,"4":1,"5":1,"6":1,"7":1,"8":1,"9":1,"10":0,"11":0,"12":0,"13":0,"14":0,"15":19,"16":19,"17":19,"18":19,"19":19,"20":19,"21":608,"22":26,"23":26,"24":7,"25":19,"26":0,"27":19,"28":19,"29":19,"30":19,"31":19,"32":19,"33":19,"34":19,"35":28,"36":28,"37":28,"38":3,"39":3,"40":3,"41":1,"42":1,"43":15,"44":1,"45":14,"46":1,"47":15,"48":4,"49":11,"50":11,"51":15,"52":1,"53":10,"54":10,"55":10,"56":10,"57":0,"58":10,"59":4,"60":1,"61":1,"62":3,"63":28},"f":{"0":1,"1":1,"2":19,"3":19,"4":608,"5":26,"6":26,"7":19,"8":28,"9":3,"10":15,"11":15,"12":4,"13":28},"b":{"0":[0,1],"1":[0,0],"2":[19,0],"3":[19,19],"4":[26,7,7],"5":[7,19],"6":[0,19],"7":[1,14],"8":[4,11],"9":[11,0],"10":[1,14],"11":[15,1],"12":[10,0],"13":[1,3],"14":[4,3]},"meta":{"lastBranch":15,"lastFunction":14,"lastStatement":64,"seen":{"s:14:23:14:Infinity":0,"s:15:25:15:Infinity":1,"s:22:33:22:Infinity":2,"s:23:39:23:Infinity":3,"s:24:56:24:Infinity":4,"s:29:31:29:Infinity":5,"f:31:2:31:16":0,"s:33:4:33:Infinity":6,"f:39:10:39:31":1,"s:40:4:53:Infinity":7,"s:41:21:41:Infinity":8,"b:42:6:50:Infinity:undefined:undefined:undefined:undefined":0,"s:42:6:50:Infinity":9,"s:43:34:43:Infinity":10,"b:44:8:49:Infinity:47:15:49:Infinity":1,"s:44:8:49:Infinity":11,"s:45:10:45:Infinity":12,"s:46:10:46:Infinity":13,"s:48:10:48:Infinity":14,"f:59:10:59:28":2,"b:60:4:69:Infinity:undefined:undefined:undefined:undefined":2,"s:60:4:69:Infinity":15,"b:60:8:60:22:60:22:60:40":3,"s:61:6:68:Infinity":16,"s:62:8:65:Infinity":17,"f:76:10:76:34":3,"s:77:18:77:Infinity":18,"s:78:4:78:Infinity":19,"s:79:4:79:Infinity":20,"f:79:29:79:30":4,"s:79:39:79:73":21,"f:85:10:85:34":5,"s:86:4:86:Infinity":22,"b:86:14:86:28:86:28:86:48:86:48:86:Infinity":4,"f:93:8:93:36":6,"b:95:4:97:Infinity:undefined:undefined:undefined:undefined":5,"s:95:4:97:Infinity":23,"s:96:6:96:Infinity":24,"b:100:4:102:Infinity:undefined:undefined:undefined:undefined":6,"s:100:4:102:Infinity":25,"s:101:6:101:Infinity":26,"s:105:4:105:Infinity":27,"s:107:4:111:Infinity":28,"s:108:6:108:Infinity":29,"s:110:6:110:Infinity":30,"f:117:16:117:48":7,"s:124:4:124:Infinity":31,"s:125:4:125:Infinity":32,"s:127:4:127:Infinity":33,"s:129:4:129:Infinity":34,"f:135:2:135:21":8,"s:136:4:136:Infinity":35,"s:137:4:137:Infinity":36,"s:138:4:138:Infinity":37,"f:144:8:144:40":9,"s:145:4:145:Infinity":38,"s:146:4:146:Infinity":39,"s:147:4:147:Infinity":40,"s:152:32:152:Infinity":41,"s:158:23:158:Infinity":42,"f:163:9:163:32":10,"b:164:2:164:Infinity:undefined:undefined:undefined:undefined":7,"s:164:2:164:Infinity":43,"s:164:15:164:Infinity":44,"s:165:2:165:Infinity":45,"s:172:31:201:Infinity":46,"f:172:31:172:Infinity":11,"b:176:2:178:Infinity:undefined:undefined:undefined:undefined":8,"s:176:2:178:Infinity":47,"s:177:4:177:Infinity":48,"s:181:18:181:Infinity":49,"s:182:21:182:Infinity":50,"b:182:21:182:35:182:35:182:Infinity":9,"b:185:2:187:Infinity:undefined:undefined:undefined:undefined":10,"s:185:2:187:Infinity":51,"b:185:6:185:39:185:39:185:72":11,"s:186:4:186:Infinity":52,"s:189:2:198:Infinity":53,"s:190:18:190:Infinity":54,"b:192:4:194:Infinity:undefined:undefined:undefined:undefined":12,"s:192:4:194:Infinity":55,"s:193:6:193:Infinity":56,"s:197:4:197:Infinity":57,"s:200:2:200:Infinity":58,"f:207:22:207:38":12,"b:209:2:212:Infinity:undefined:undefined:undefined:undefined":13,"s:209:2:212:Infinity":59,"b:209:6:209:24:209:24:209:60":14,"s:210:4:210:Infinity":60,"s:211:4:211:Infinity":61,"s:214:2:214:Infinity":62,"f:220:16:220:39":13,"s:221:2:221:Infinity":63}}}
,"/Users/jrjohn/Documents/projects/arcana-react/src/app/data/mappers/userMapper.ts": {"path":"/Users/jrjohn/Documents/projects/arcana-react/src/app/data/mappers/userMapper.ts","statementMap":{"0":{"start":{"line":36,"column":26},"end":{"line":166,"column":null}},"1":{"start":{"line":41,"column":16},"end":{"line":41,"column":null}},"2":{"start":{"line":42,"column":4},"end":{"line":50,"column":null}},"3":{"start":{"line":57,"column":4},"end":{"line":57,"column":null}},"4":{"start":{"line":57,"column":29},"end":{"line":57,"column":47}},"5":{"start":{"line":64,"column":4},"end":{"line":72,"column":null}},"6":{"start":{"line":79,"column":4},"end":{"line":84,"column":null}},"7":{"start":{"line":91,"column":44},"end":{"line":91,"column":null}},"8":{"start":{"line":93,"column":4},"end":{"line":93,"column":null}},"9":{"start":{"line":93,"column":33},"end":{"line":93,"column":null}},"10":{"start":{"line":94,"column":4},"end":{"line":94,"column":null}},"11":{"start":{"line":94,"column":37},"end":{"line":94,"column":null}},"12":{"start":{"line":95,"column":4},"end":{"line":95,"column":null}},"13":{"start":{"line":95,"column":36},"end":{"line":95,"column":null}},"14":{"start":{"line":96,"column":4},"end":{"line":96,"column":null}},"15":{"start":{"line":96,"column":34},"end":{"line":96,"column":null}},"16":{"start":{"line":98,"column":4},"end":{"line":98,"column":null}},"17":{"start":{"line":105,"column":4},"end":{"line":111,"column":null}},"18":{"start":{"line":118,"column":16},"end":{"line":118,"column":null}},"19":{"start":{"line":119,"column":4},"end":{"line":127,"column":null}},"20":{"start":{"line":134,"column":4},"end":{"line":141,"column":null}},"21":{"start":{"line":148,"column":4},"end":{"line":148,"column":null}},"22":{"start":{"line":155,"column":4},"end":{"line":155,"column":null}},"23":{"start":{"line":162,"column":18},"end":{"line":162,"column":null}},"24":{"start":{"line":163,"column":17},"end":{"line":163,"column":null}},"25":{"start":{"line":164,"column":4},"end":{"line":164,"column":null}}},"fnMap":{"0":{"name":"(anonymous_0)","decl":{"start":{"line":40,"column":2},"end":{"line":40,"column":11}},"loc":{"start":{"line":40,"column":34},"end":{"line":51,"column":null}},"line":40},"1":{"name":"(anonymous_1)","decl":{"start":{"line":56,"column":2},"end":{"line":56,"column":15}},"loc":{"start":{"line":56,"column":43},"end":{"line":58,"column":null}},"line":56},"2":{"name":"(anonymous_2)","decl":{"start":{"line":57,"column":20},"end":{"line":57,"column":21}},"loc":{"start":{"line":57,"column":29},"end":{"line":57,"column":47}},"line":57},"3":{"name":"(anonymous_3)","decl":{"start":{"line":63,"column":2},"end":{"line":63,"column":11}},"loc":{"start":{"line":63,"column":35},"end":{"line":73,"column":null}},"line":63},"4":{"name":"(anonymous_4)","decl":{"start":{"line":78,"column":2},"end":{"line":78,"column":17}},"loc":{"start":{"line":78,"column":62},"end":{"line":85,"column":null}},"line":78},"5":{"name":"(anonymous_5)","decl":{"start":{"line":90,"column":2},"end":{"line":90,"column":17}},"loc":{"start":{"line":90,"column":62},"end":{"line":99,"column":null}},"line":90},"6":{"name":"(anonymous_6)","decl":{"start":{"line":104,"column":2},"end":{"line":104,"column":20}},"loc":{"start":{"line":104,"column":89},"end":{"line":112,"column":null}},"line":104},"7":{"name":"(anonymous_7)","decl":{"start":{"line":117,"column":2},"end":{"line":117,"column":20}},"loc":{"start":{"line":117,"column":46},"end":{"line":128,"column":null}},"line":117},"8":{"name":"(anonymous_8)","decl":{"start":{"line":133,"column":2},"end":{"line":133,"column":14}},"loc":{"start":{"line":133,"column":52},"end":{"line":142,"column":null}},"line":133},"9":{"name":"(anonymous_9)","decl":{"start":{"line":147,"column":2},"end":{"line":147,"column":16}},"loc":{"start":{"line":147,"column":37},"end":{"line":149,"column":null}},"line":147},"10":{"name":"(anonymous_10)","decl":{"start":{"line":154,"column":2},"end":{"line":154,"column":17}},"loc":{"start":{"line":154,"column":37},"end":{"line":156,"column":null}},"line":154},"11":{"name":"(anonymous_11)","decl":{"start":{"line":161,"column":2},"end":{"line":161,"column":14}},"loc":{"start":{"line":161,"column":34},"end":{"line":165,"column":null}},"line":161}},"branchMap":{"0":{"loc":{"start":{"line":48,"column":17},"end":{"line":48,"column":null}},"type":"cond-expr","locations":[{"start":{"line":48,"column":34},"end":{"line":48,"column":61}},{"start":{"line":48,"column":61},"end":{"line":48,"column":null}}],"line":48},"1":{"loc":{"start":{"line":49,"column":17},"end":{"line":49,"column":null}},"type":"cond-expr","locations":[{"start":{"line":49,"column":34},"end":{"line":49,"column":61}},{"start":{"line":49,"column":61},"end":{"line":49,"column":null}}],"line":49},"2":{"loc":{"start":{"line":93,"column":4},"end":{"line":93,"column":null}},"type":"if","locations":[{"start":{"line":93,"column":4},"end":{"line":93,"column":null}},{"start":{},"end":{}}],"line":93},"3":{"loc":{"start":{"line":94,"column":4},"end":{"line":94,"column":null}},"type":"if","locations":[{"start":{"line":94,"column":4},"end":{"line":94,"column":null}},{"start":{},"end":{}}],"line":94},"4":{"loc":{"start":{"line":95,"column":4},"end":{"line":95,"column":null}},"type":"if","locations":[{"start":{"line":95,"column":4},"end":{"line":95,"column":null}},{"start":{},"end":{}}],"line":95},"5":{"loc":{"start":{"line":96,"column":4},"end":{"line":96,"column":null}},"type":"if","locations":[{"start":{"line":96,"column":4},"end":{"line":96,"column":null}},{"start":{},"end":{}}],"line":96},"6":{"loc":{"start":{"line":136,"column":13},"end":{"line":136,"column":null}},"type":"binary-expr","locations":[{"start":{"line":136,"column":13},"end":{"line":136,"column":26}},{"start":{"line":136,"column":26},"end":{"line":136,"column":null}}],"line":136},"7":{"loc":{"start":{"line":137,"column":17},"end":{"line":137,"column":null}},"type":"binary-expr","locations":[{"start":{"line":137,"column":17},"end":{"line":137,"column":34}},{"start":{"line":137,"column":34},"end":{"line":137,"column":null}}],"line":137},"8":{"loc":{"start":{"line":138,"column":16},"end":{"line":138,"column":null}},"type":"binary-expr","locations":[{"start":{"line":138,"column":16},"end":{"line":138,"column":32}},{"start":{"line":138,"column":32},"end":{"line":138,"column":null}}],"line":138},"9":{"loc":{"start":{"line":139,"column":14},"end":{"line":139,"column":null}},"type":"cond-expr","locations":[{"start":{"line":139,"column":41},"end":{"line":139,"column":54}},{"start":{"line":139,"column":54},"end":{"line":139,"column":null}}],"line":139},"10":{"loc":{"start":{"line":162,"column":18},"end":{"line":162,"column":null}},"type":"binary-expr","locations":[{"start":{"line":162,"column":18},"end":{"line":162,"column":61}},{"start":{"line":162,"column":61},"end":{"line":162,"column":null}}],"line":162},"11":{"loc":{"start":{"line":163,"column":17},"end":{"line":163,"column":null}},"type":"binary-expr","locations":[{"start":{"line":163,"column":17},"end":{"line":163,"column":59}},{"start":{"line":163,"column":59},"end":{"line":163,"column":null}}],"line":163}},"s":{"0":1,"1":8,"2":8,"3":3,"4":4,"5":2,"6":2,"7":3,"8":3,"9":1,"10":3,"11":2,"12":3,"13":1,"14":3,"15":1,"16":3,"17":1,"18":2,"19":2,"20":5,"21":2,"22":2,"23":3,"24":3,"25":3},"f":{"0":8,"1":3,"2":4,"3":2,"4":2,"5":3,"6":1,"7":2,"8":5,"9":2,"10":2,"11":3},"b":{"0":[1,7],"1":[1,7],"2":[1,2],"3":[2,1],"4":[1,2],"5":[1,2],"6":[5,4],"7":[5,1],"8":[5,4],"9":[1,4],"10":[3,1],"11":[3,1]},"meta":{"lastBranch":12,"lastFunction":12,"lastStatement":26,"seen":{"s:36:26:166:Infinity":0,"f:40:2:40:11":0,"s:41:16:41:Infinity":1,"s:42:4:50:Infinity":2,"b:48:34:48:61:48:61:48:Infinity":0,"b:49:34:49:61:49:61:49:Infinity":1,"f:56:2:56:15":1,"s:57:4:57:Infinity":3,"f:57:20:57:21":2,"s:57:29:57:47":4,"f:63:2:63:11":3,"s:64:4:72:Infinity":5,"f:78:2:78:17":4,"s:79:4:84:Infinity":6,"f:90:2:90:17":5,"s:91:44:91:Infinity":7,"b:93:4:93:Infinity:undefined:undefined:undefined:undefined":2,"s:93:4:93:Infinity":8,"s:93:33:93:Infinity":9,"b:94:4:94:Infinity:undefined:undefined:undefined:undefined":3,"s:94:4:94:Infinity":10,"s:94:37:94:Infinity":11,"b:95:4:95:Infinity:undefined:undefined:undefined:undefined":4,"s:95:4:95:Infinity":12,"s:95:36:95:Infinity":13,"b:96:4:96:Infinity:undefined:undefined:undefined:undefined":5,"s:96:4:96:Infinity":14,"s:96:34:96:Infinity":15,"s:98:4:98:Infinity":16,"f:104:2:104:20":6,"s:105:4:111:Infinity":17,"f:117:2:117:20":7,"s:118:16:118:Infinity":18,"s:119:4:127:Infinity":19,"f:133:2:133:14":8,"s:134:4:141:Infinity":20,"b:136:13:136:26:136:26:136:Infinity":6,"b:137:17:137:34:137:34:137:Infinity":7,"b:138:16:138:32:138:32:138:Infinity":8,"b:139:41:139:54:139:54:139:Infinity":9,"f:147:2:147:16":9,"s:148:4:148:Infinity":21,"f:154:2:154:17":10,"s:155:4:155:Infinity":22,"f:161:2:161:14":11,"s:162:18:162:Infinity":23,"b:162:18:162:61:162:61:162:Infinity":10,"s:163:17:163:Infinity":24,"b:163:17:163:59:163:59:163:Infinity":11,"s:164:4:164:Infinity":25}}}
,"/Users/jrjohn/Documents/projects/arcana-react/src/app/data/storage/lruCacheService.ts": {"path":"/Users/jrjohn/Documents/projects/arcana-react/src/app/data/storage/lruCacheService.ts","statementMap":{"0":{"start":{"line":23,"column":28},"end":{"line":23,"column":null}},"1":{"start":{"line":24,"column":28},"end":{"line":24,"column":null}},"2":{"start":{"line":27,"column":4},"end":{"line":27,"column":null}},"3":{"start":{"line":28,"column":4},"end":{"line":28,"column":null}},"4":{"start":{"line":40,"column":18},"end":{"line":40,"column":null}},"5":{"start":{"line":41,"column":42},"end":{"line":41,"column":null}},"6":{"start":{"line":42,"column":42},"end":{"line":42,"column":null}},"7":{"start":{"line":46,"column":10},"end":{"line":46,"column":null}},"8":{"start":{"line":47,"column":10},"end":{"line":47,"column":null}},"9":{"start":{"line":48,"column":10},"end":{"line":48,"column":null}},"10":{"start":{"line":51,"column":4},"end":{"line":51,"column":null}},"11":{"start":{"line":52,"column":4},"end":{"line":52,"column":null}},"12":{"start":{"line":55,"column":4},"end":{"line":57,"column":null}},"13":{"start":{"line":56,"column":6},"end":{"line":56,"column":null}},"14":{"start":{"line":56,"column":24},"end":{"line":56,"column":47}},"15":{"start":{"line":64,"column":17},"end":{"line":64,"column":null}},"16":{"start":{"line":66,"column":4},"end":{"line":69,"column":null}},"17":{"start":{"line":67,"column":6},"end":{"line":67,"column":null}},"18":{"start":{"line":68,"column":6},"end":{"line":68,"column":null}},"19":{"start":{"line":72,"column":4},"end":{"line":76,"column":null}},"20":{"start":{"line":73,"column":6},"end":{"line":73,"column":null}},"21":{"start":{"line":74,"column":6},"end":{"line":74,"column":null}},"22":{"start":{"line":75,"column":6},"end":{"line":75,"column":null}},"23":{"start":{"line":79,"column":4},"end":{"line":79,"column":null}},"24":{"start":{"line":80,"column":4},"end":{"line":80,"column":null}},"25":{"start":{"line":82,"column":4},"end":{"line":82,"column":null}},"26":{"start":{"line":89,"column":22},"end":{"line":89,"column":null}},"27":{"start":{"line":90,"column":36},"end":{"line":94,"column":null}},"28":{"start":{"line":97,"column":4},"end":{"line":102,"column":null}},"29":{"start":{"line":98,"column":19},"end":{"line":98,"column":null}},"30":{"start":{"line":99,"column":6},"end":{"line":99,"column":null}},"31":{"start":{"line":100,"column":6},"end":{"line":100,"column":null}},"32":{"start":{"line":101,"column":6},"end":{"line":101,"column":null}},"33":{"start":{"line":105,"column":4},"end":{"line":107,"column":null}},"34":{"start":{"line":106,"column":6},"end":{"line":106,"column":null}},"35":{"start":{"line":110,"column":17},"end":{"line":110,"column":null}},"36":{"start":{"line":111,"column":4},"end":{"line":111,"column":null}},"37":{"start":{"line":112,"column":4},"end":{"line":112,"column":null}},"38":{"start":{"line":119,"column":17},"end":{"line":119,"column":null}},"39":{"start":{"line":120,"column":4},"end":{"line":120,"column":null}},"40":{"start":{"line":120,"column":15},"end":{"line":120,"column":null}},"41":{"start":{"line":121,"column":4},"end":{"line":124,"column":null}},"42":{"start":{"line":122,"column":6},"end":{"line":122,"column":null}},"43":{"start":{"line":123,"column":6},"end":{"line":123,"column":null}},"44":{"start":{"line":125,"column":4},"end":{"line":125,"column":null}},"45":{"start":{"line":132,"column":17},"end":{"line":132,"column":null}},"46":{"start":{"line":133,"column":4},"end":{"line":133,"column":null}},"47":{"start":{"line":133,"column":15},"end":{"line":133,"column":null}},"48":{"start":{"line":135,"column":4},"end":{"line":135,"column":null}},"49":{"start":{"line":136,"column":4},"end":{"line":136,"column":null}},"50":{"start":{"line":143,"column":4},"end":{"line":147,"column":null}},"51":{"start":{"line":144,"column":6},"end":{"line":146,"column":null}},"52":{"start":{"line":145,"column":8},"end":{"line":145,"column":null}},"53":{"start":{"line":154,"column":4},"end":{"line":154,"column":null}},"54":{"start":{"line":155,"column":4},"end":{"line":155,"column":null}},"55":{"start":{"line":156,"column":4},"end":{"line":156,"column":null}},"56":{"start":{"line":157,"column":4},"end":{"line":157,"column":null}},"57":{"start":{"line":158,"column":4},"end":{"line":158,"column":null}},"58":{"start":{"line":159,"column":4},"end":{"line":159,"column":null}},"59":{"start":{"line":166,"column":4},"end":{"line":166,"column":null}},"60":{"start":{"line":173,"column":26},"end":{"line":173,"column":null}},"61":{"start":{"line":174,"column":4},"end":{"line":181,"column":null}},"62":{"start":{"line":188,"column":4},"end":{"line":188,"column":null}},"63":{"start":{"line":189,"column":4},"end":{"line":189,"column":null}},"64":{"start":{"line":191,"column":4},"end":{"line":193,"column":null}},"65":{"start":{"line":192,"column":6},"end":{"line":192,"column":null}},"66":{"start":{"line":194,"column":4},"end":{"line":194,"column":null}},"67":{"start":{"line":196,"column":4},"end":{"line":198,"column":null}},"68":{"start":{"line":197,"column":6},"end":{"line":197,"column":null}},"69":{"start":{"line":205,"column":4},"end":{"line":209,"column":null}},"70":{"start":{"line":206,"column":6},"end":{"line":206,"column":null}},"71":{"start":{"line":208,"column":6},"end":{"line":208,"column":null}},"72":{"start":{"line":211,"column":4},"end":{"line":215,"column":null}},"73":{"start":{"line":212,"column":6},"end":{"line":212,"column":null}},"74":{"start":{"line":214,"column":6},"end":{"line":214,"column":null}},"75":{"start":{"line":222,"column":4},"end":{"line":222,"column":null}},"76":{"start":{"line":222,"column":28},"end":{"line":222,"column":null}},"77":{"start":{"line":223,"column":4},"end":{"line":223,"column":null}},"78":{"start":{"line":224,"column":4},"end":{"line":224,"column":null}},"79":{"start":{"line":231,"column":4},"end":{"line":231,"column":null}},"80":{"start":{"line":231,"column":20},"end":{"line":231,"column":null}},"81":{"start":{"line":233,"column":16},"end":{"line":233,"column":null}},"82":{"start":{"line":234,"column":4},"end":{"line":234,"column":null}},"83":{"start":{"line":235,"column":4},"end":{"line":235,"column":null}},"84":{"start":{"line":236,"column":4},"end":{"line":236,"column":null}},"85":{"start":{"line":243,"column":16},"end":{"line":243,"column":null}},"86":{"start":{"line":244,"column":4},"end":{"line":248,"column":null}},"87":{"start":{"line":245,"column":6},"end":{"line":247,"column":null}},"88":{"start":{"line":246,"column":8},"end":{"line":246,"column":null}},"89":{"start":{"line":255,"column":17},"end":{"line":255,"column":null}},"90":{"start":{"line":256,"column":4},"end":{"line":256,"column":null}},"91":{"start":{"line":256,"column":15},"end":{"line":256,"column":null}},"92":{"start":{"line":258,"column":22},"end":{"line":258,"column":null}},"93":{"start":{"line":259,"column":4},"end":{"line":259,"column":null}},"94":{"start":{"line":266,"column":17},"end":{"line":266,"column":null}},"95":{"start":{"line":267,"column":4},"end":{"line":267,"column":null}},"96":{"start":{"line":267,"column":15},"end":{"line":267,"column":null}},"97":{"start":{"line":269,"column":4},"end":{"line":269,"column":null}},"98":{"start":{"line":270,"column":4},"end":{"line":270,"column":null}},"99":{"start":{"line":271,"column":4},"end":{"line":271,"column":null}},"100":{"start":{"line":278,"column":4},"end":{"line":278,"column":null}},"101":{"start":{"line":283,"column":31},"end":{"line":283,"column":null}}},"fnMap":{"0":{"name":"(anonymous_0)","decl":{"start":{"line":26,"column":2},"end":{"line":26,"column":14}},"loc":{"start":{"line":26,"column":52},"end":{"line":29,"column":null}},"line":26},"1":{"name":"(anonymous_1)","decl":{"start":{"line":50,"column":2},"end":{"line":50,"column":14}},"loc":{"start":{"line":50,"column":91},"end":{"line":58,"column":null}},"line":50},"2":{"name":"(anonymous_2)","decl":{"start":{"line":56,"column":18},"end":{"line":56,"column":24}},"loc":{"start":{"line":56,"column":24},"end":{"line":56,"column":47}},"line":56},"3":{"name":"(anonymous_3)","decl":{"start":{"line":63,"column":2},"end":{"line":63,"column":9}},"loc":{"start":{"line":63,"column":32},"end":{"line":83,"column":null}},"line":63},"4":{"name":"(anonymous_4)","decl":{"start":{"line":88,"column":2},"end":{"line":88,"column":9}},"loc":{"start":{"line":88,"column":52},"end":{"line":113,"column":null}},"line":88},"5":{"name":"(anonymous_5)","decl":{"start":{"line":118,"column":2},"end":{"line":118,"column":6}},"loc":{"start":{"line":118,"column":28},"end":{"line":126,"column":null}},"line":118},"6":{"name":"(anonymous_6)","decl":{"start":{"line":131,"column":2},"end":{"line":131,"column":9}},"loc":{"start":{"line":131,"column":31},"end":{"line":137,"column":null}},"line":131},"7":{"name":"(anonymous_7)","decl":{"start":{"line":142,"column":2},"end":{"line":142,"column":16}},"loc":{"start":{"line":142,"column":38},"end":{"line":148,"column":null}},"line":142},"8":{"name":"(anonymous_8)","decl":{"start":{"line":153,"column":2},"end":{"line":153,"column":16}},"loc":{"start":{"line":153,"column":16},"end":{"line":160,"column":null}},"line":153},"9":{"name":"(anonymous_9)","decl":{"start":{"line":165,"column":6},"end":{"line":165,"column":21}},"loc":{"start":{"line":165,"column":21},"end":{"line":167,"column":null}},"line":165},"10":{"name":"(anonymous_10)","decl":{"start":{"line":172,"column":6},"end":{"line":172,"column":14}},"loc":{"start":{"line":172,"column":14},"end":{"line":182,"column":null}},"line":172},"11":{"name":"(anonymous_11)","decl":{"start":{"line":187,"column":10},"end":{"line":187,"column":21}},"loc":{"start":{"line":187,"column":51},"e
[...]
,"11":{"loc":{"start":{"line":116,"column":11},"end":{"line":116,"column":null}},"type":"binary-expr","locations":[{"start":{"line":116,"column":11},"end":{"line":116,"column":25}},{"start":{"line":116,"column":25},"end":{"line":116,"column":null}}],"line":116},"12":{"loc":{"start":{"line":119,"column":15},"end":{"line":180,"column":null}},"type":"cond-expr","locations":[{"start":{"line":121,"column":16},"end":{"line":160,"column":null}},{"start":{"line":163,"column":16},"end":{"line":180,"column":null}}],"line":119},"13":{"loc":{"start":{"line":124,"column":59},"end":{"line":124,"column":95}},"type":"cond-expr","locations":[{"start":{"line":124,"column":82},"end":{"line":124,"column":93}},{"start":{"line":124,"column":93},"end":{"line":124,"column":95}}],"line":124},"14":{"loc":{"start":{"line":126,"column":27},"end":{"line":126,"column":null}},"type":"cond-expr","locations":[{"start":{"line":126,"column":39},"end":{"line":126,"column":58}},{"start":{"line":126,"column":58},"end":{"line":126,"column":null}}],"line":126},"15":{"loc":{"start":{"line":129,"column":21},"end":{"line":135,"column":null}},"type":"binary-expr","locations":[{"start":{"line":129,"column":21},"end":{"line":129,"column":null}},{"start":{"line":130,"column":22},"end":{"line":135,"column":null}}],"line":129},"16":{"loc":{"start":{"line":133,"column":69},"end":{"line":133,"column":106}},"type":"cond-expr","locations":[{"start":{"line":133,"column":92},"end":{"line":133,"column":104}},{"start":{"line":133,"column":104},"end":{"line":133,"column":106}}],"line":133},"17":{"loc":{"start":{"line":138,"column":19},"end":{"line":158,"column":null}},"type":"binary-expr","locations":[{"start":{"line":138,"column":19},"end":{"line":138,"column":null}},{"start":{"line":139,"column":20},"end":{"line":158,"column":null}}],"line":138},"18":{"loc":{"start":{"line":139,"column":51},"end":{"line":139,"column":85}},"type":"cond-expr","locations":[{"start":{"line":139,"column":74},"end":{"line":139,"column":83}},{"start":{"line":139,"column":83},"end":{"line":139,"column":85}}],"line":139},"19":{"loc":{"start":{"line":143,"column":30},"end":{"line":143,"column":null}},"type":"binary-expr","locations":[{"start":{"line":143,"column":30},"end":{"line":143,"column":45}},{"start":{"line":143,"column":45},"end":{"line":143,"column":null}}],"line":143},"20":{"loc":{"start":{"line":145,"column":55},"end":{"line":145,"column":79}},"type":"cond-expr","locations":[{"start":{"line":145,"column":66},"end":{"line":145,"column":77}},{"start":{"line":145,"column":77},"end":{"line":145,"column":79}}],"line":145},"21":{"loc":{"start":{"line":151,"column":27},"end":{"line":154,"column":null}},"type":"binary-expr","locations":[{"start":{"line":151,"column":27},"end":{"line":151,"column":null}},{"start":{"line":152,"column":28},"end":{"line":154,"column":null}}],"line":151},"22":{"loc":{"start":{"line":164,"column":22},"end":{"line":164,"column":null}},"type":"binary-expr","locations":[{"start":{"line":164,"column":22},"end":{"line":164,"column":36}},{"start":{"line":164,"column":36},"end":{"line":164,"column":null}}],"line":164},"23":{"loc":{"start":{"line":165,"column":59},"end":{"line":165,"column":83}},"type":"cond-expr","locations":[{"start":{"line":165,"column":70},"end":{"line":165,"column":81}},{"start":{"line":165,"column":81},"end":{"line":165,"column":83}}],"line":165},"24":{"loc":{"start":{"line":166,"column":25},"end":{"line":166,"column":null}},"type":"cond-expr","locations":[{"start":{"line":166,"column":37},"end":{"line":166,"column":56}},{"start":{"line":166,"column":56},"end":{"line":166,"column":null}}],"line":166},"25":{"loc":{"start":{"line":170,"column":19},"end":{"line":178,"column":null}},"type":"cond-expr","locations":[{"start":{"line":171,"column":20},"end":{"line":176,"column":null}},{"start":{"line":178,"column":20},"end":{"line":178,"column":null}}],"line":170},"26":{"loc":{"start":{"line":173,"column":23},"end":{"line":174,"column":null}},"type":"binary-expr","locations":[{"start":{"line":173,"column":23},"end":{"line":173,"column":null}},{"start":{"line":174,"column":24},"end":{"line":174,"column":null}}],"line":173},"27":{"loc":{"start":{"line":178,"column":20},"end":{"line":178,"column":null}},"type":"binary-expr","locations":[{"start":{"line":178,"column":20},"end":{"line":178,"column":34}},{"start":{"line":178,"column":34},"end":{"line":178,"column":null}}],"line":178},"28":{"loc":{"start":{"line":188,"column":7},"end":{"line":209,"column":null}},"type":"binary-expr","locations":[{"start":{"line":188,"column":7},"end":{"line":188,"column":null}},{"start":{"line":189,"column":8},"end":{"line":209,"column":null}}],"line":188}},"s":{"0":15,"1":15,"2":15,"3":15,"4":10,"5":15,"6":10,"7":10,"8":90,"9":0,"10":10,"11":15,"12":0,"13":0,"14":0,"15":0,"16":0,"17":0,"18":15,"19":129,"20":15,"21":15,"22":15,"23":15,"24":0,"25":0,"26":15,"27":135,"28":0,"29":126,"30":126,"31":90},"f":{"0":15,"1":10,"2":10,"3":90,"4":0,"5":0,"6":129,"7":15,"8":0,"9":135,"10":0,"11":126,"12":126,"13":90},"b":{"0":[0,90],"1":[90,30],"2":[0,0],"3":[14,1],"4":[0,0],"5":[1,14],"6":[0,15],"7":[14,1],"8":[15,1],"9":[15,14],"10":[15,14],"11":[15,14],"12":[45,90],"13":[0,45],"14":[3,42],"15":[45,42],"16":[0,42],"17":[45,42],"18":[0,42],"19":[126,0],"20":[0,126],"21":[126,0],"22":[90,0],"23":[0,90],"24":[6,84],"25":[84,6],"26":[84,14],"27":[6,1],"28":[15,14]},"meta":{"lastBranch":29,"lastFunction":14,"lastStatement":32,"seen":{"f:26:16:26:24":0,"s:27:22:27:Infinity":0,"s:28:12:28:Infinity":1,"s:29:8:29:Infinity":2,"s:32:8:32:Infinity":3,"f:32:28:32:34":1,"s:32:28:32:53":4,"s:34:40:43:Infinity":5,"f:34:66:34:72":2,"s:36:28:36:Infinity":6,"s:37:4:41:Infinity":7,"f:37:22:37:23":3,"b:38:6:40:Infinity:undefined:undefined:undefined:undefined":0,"s:38:6:40:Infinity":8,"b:38:10:38:27:38:15:38:75":1,"s:39:8:39:Infinity":9,"s:42:4:42:Infinity":10,"s:45:8:55:Infinity":11,"f:45:37:45:38":4,"s:46:4:54:Infinity":12,"f:46:21:46:22":5,"s:47:21:47:Infinity":13,"b:48:6:52:Infinity:50:13:52:Infinity":2,"s:48:6:52:Infinity":14,"s:49:8:49:Infinity":15,"s:51:8:51:Infinity":16,"s:53:6:53:Infinity":17,"s:57:25:57:Infinity":18,"f:57:25:57:26":6,"s:57:44:57:Infinity":19,"s:59:25:59:Infinity":20,"f:59:25:59:26":7,"s:59:45:59:Infinity":21,"s:61:19:61:Infinity":22,"b:61:33:61:86:61:86:61:Infinity":3,"s:63:25:68:Infinity":23,"f:63:25:63:31":8,"b:65:4:67:Infinity:undefined:undefined:undefined:undefined":4,"s:65:4:67:Infinity":24,"s:66:6:66:Infinity":25,"s:70:2:211:Infinity":26,"b:71:45:71:59:71:59:71:61":5,"b:71:78:71:87:71:87:71:89":6,"b:77:14:77:Infinity:79:14:81:Infinity":7,"b:84:60:84:83:84:83:84:92":8,"b:88:11:88:Infinity:89:12:95:Infinity":9,"b:98:9:98:Infinity:99:10:109:Infinity":10,"b:116:11:116:25:116:25:116:Infinity":11,"f:117:25:117:26":9,"s:118:12:182:Infinity":27,"b:121:16:160:Infinity:163:16:180:Infinity":12,"b:124:82:124:93:124:93:124:95":13,"f:125:29:125:35":10,"s:125:35:125:Infinity":28,"b:126:39:126:58:126:58:126:Infinity":14,"b:129:21:129:Infinity:130:22:135:Infinity":15,"b:133:92:133:104:133:104:133:106":16,"b:138:19:138:Infinity:139:20:158:Infinity":17,"b:139:74:139:83:139:83:139:85":18,"f:140:41:140:42":11,"s:141:24:156:Infinity":29,"b:143:30:143:45:143:45:143:Infinity":19,"f:144:37:144:38":12,"s:145:28:145:Infinity":30,"b:145:66:145:77:145:77:145:79":20,"b:151:27:151:Infinity:152:28:154:Infinity":21,"b:164:22:164:36:164:36:164:Infinity":22,"f:165:29:165:30":13,"s:165:47:165:Infinity":31,"b:165:70:165:81:165:81:165:83":23,"b:166:37:166:56:166:56:166:Infinity":24,"b:171:20:176:Infinity:178:20:178:Infinity":25,"b:173:23:173:Infinity:174:24:174:Infinity":26,"b:178:20:178:34:178:34:178:Infinity":27,"b:188:7:188:Infinity:189:8:209:Infinity":28}}}
,"/Users/jrjohn/Documents/projects/arcana-react/src/app/presentation/shared/components/ErrorBoundary/ErrorBoundary.tsx": {"path":"/Users/jrjohn/Documents/projects/arcana-react/src/app/presentation/shared/components/ErrorBoundary/ErrorBoundary.tsx","statementMap":{"0":{"start":{"line":60,"column":16},"end":{"line":66,"column":null}},"1":{"start":{"line":35,"column":4},"end":{"line":35,"column":null}},"2":{"start":{"line":36,"column":4},"end":{"line":40,"column":null}},"3":{"start":{"line":44,"column":4},"end":{"line":44,"column":null}},"4":{"start":{"line":48,"column":4},"end":{"line":48,"column":null}},"5":{"start":{"line":51,"column":4},"end":{"line":51,"column":null}},"6":{"start":{"line":54,"column":4},"end":{"line":57,"column":null}},"7":{"start":{"line":55,"column":6},"end":{"line":55,"column":null}},"8":{"start":{"line":56,"column":6},"end":{"line":56,"column":null}},"9":{"start":{"line":61,"column":4},"end":{"line":65,"column":null}},"10":{"start":{"line":69,"column":32},"end":{"line":69,"column":null}},"11":{"start":{"line":70,"column":56},"end":{"line":70,"column":null}},"12":{"start":{"line":72,"column":4},"end":{"line":84,"column":null}},"13":{"start":{"line":74,"column":6},"end":{"line":76,"column":null}},"14":{"start":{"line":75,"column":8},"end":{"line":75,"column":null}},"15":{"start":{"line":78,"column":6},"end":{"line":80,"column":null}},"16":{"start":{"line":79,"column":8},"end":{"line":79,"column":null}},"17":{"start":{"line":83,"column":6},"end":{"line":83,"column":null}},"18":{"start":{"line":86,"column":4},"end":{"line":86,"column":null}},"19":{"start":{"line":100,"column":22},"end":{"line":100,"column":null}},"20":{"start":{"line":101,"column":24},"end":{"line":101,"column":null}},"21":{"start":{"line":104,"column":2},"end":{"line":133,"column":null}},"22":{"start":{"line":105,"column":4},"end":{"line":131,"column":null}},"23":{"start":{"line":121,"column":63},"end":{"line":121,"column":null}},"24":{"start":{"line":136,"column":2},"end":{"line":163,"column":null}},"25":{"start":{"line":137,"column":4},"end":{"line":161,"column":null}},"26":{"start":{"line":166,"column":2},"end":{"line":176,"column":null}},"27":{"start":{"line":187,"column":22},"end":{"line":187,"column":null}},"28":{"start":{"line":189,"column":37},"end":{"line":192,"column":null}},"29":{"start":{"line":190,"column":4},"end":{"line":192,"column":null}},"30":{"start":{"line":195,"column":2},"end":{"line":195,"column":null}},"31":{"start":{"line":197,"column":2},"end":{"line":197,"column":null}},"32":{"start":{"line":204,"column":2},"end":{"line":206,"column":null}},"33":{"start":{"line":205,"column":4},"end":{"line":205,"column":null}}},"fnMap":{"0":{"name":"(anonymous_0)","decl":{"start":{"line":34,"column":2},"end":{"line":34,"column":14}},"loc":{"start":{"line":34,"column":41},"end":{"line":41,"column":null}},"line":34},"1":{"name":"(anonymous_1)","decl":{"start":{"line":43,"column":9},"end":{"line":43,"column":34}},"loc":{"start":{"line":43,"column":77},"end":{"line":45,"column":null}},"line":43},"2":{"name":"(anonymous_2)","decl":{"start":{"line":47,"column":2},"end":{"line":47,"column":20}},"loc":{"start":{"line":47,"column":62},"end":{"line":58,"column":null}},"line":47},"3":{"name":"(anonymous_3)","decl":{"start":{"line":60,"column":16},"end":{"line":60,"column":28}},"loc":{"start":{"line":60,"column":28},"end":{"line":66,"column":null}},"line":60},"4":{"name":"(anonymous_4)","decl":{"start":{"line":68,"column":2},"end":{"line":68,"column":22}},"loc":{"start":{"line":68,"column":22},"end":{"line":87,"column":null}},"line":68},"5":{"name":"DefaultErrorFallback","decl":{"start":{"line":99,"column":9},"end":{"line":99,"column":30}},"loc":{"start":{"line":99,"column":84},"end":{"line":178,"column":null}},"line":99},"6":{"name":"(anonymous_6)","decl":{"start":{"line":121,"column":57},"end":{"line":121,"column":63}},"loc":{"start":{"line":121,"column":63},"end":{"line":121,"column":null}},"line":121},"7":{"name":"withErrorBoundary","decl":{"start":{"line":183,"column":16},"end":{"line":183,"column":null}},"loc":{"start":{"line":186,"column":2},"end":{"line":198,"column":null}},"line":186},"8":{"name":"(anonymous_8)","decl":{"start":{"line":189,"column":37},"end":{"line":189,"column":38}},"loc":{"start":{"line":190,"column":4},"end":{"line":192,"column":null}},"line":190},"9":{"name":"useErrorHandler","decl":{"start":{"line":203,"column":16},"end":{"line":203,"column":58}},"loc":{"start":{"line":203,"column":58},"end":{"line":207,"column":null}},"line":203},"10":{"name":"(anonymous_10)","decl":{"start":{"line":204,"column":9},"end":{"line":204,"column":10}},"loc":{"start":{"line":204,"column":27},"end":{"line":206,"column":null}},"line":204}},"branchMap":{"0":{"loc":{"start":{"line":54,"column":4},"end":{"line":57,"column":null}},"type":"if","locations":[{"start":{"line":54,"column":4},"end":{"line":57,"column":null}},{"start":{},"end":{}}],"line":54},"1":{"loc":{"start":{"line":70,"column":32},"end":{"line":70,"column":52}},"type":"default-arg","locations":[{"start":{"line":70,"column":40},"end":{"line":70,"column":52}}],"line":70},"2":{"loc":{"start":{"line":72,"column":4},"end":{"line":84,"column":null}},"type":"if","locations":[{"start":{"line":72,"column":4},"end":{"line":84,"column":null}},{"start":{},"end":{}}],"line":72},"3":{"loc":{"start":{"line":72,"column":8},"end":{"line":72,"column":27}},"type":"binary-expr","locations":[{"start":{"line":72,"column":8},"end":{"line":72,"column":20}},{"start":{"line":72,"column":20},"end":{"line":72,"column":27}}],"line":72},"4":{"loc":{"start":{"line":74,"column":6},"end":{"line":76,"column":null}},"type":"if","locations":[{"start":{"line":74,"column":6},"end":{"line":76,"column":null}},{"start":{},"end":{}}],"line":74},"5":{"loc":{"start":{"line":78,"column":6},"end":{"line":80,"column":null}},"type":"if","locations":[{"start":{"line":78,"column":6},"end":{"line":80,"column":null}},{"start":{},"end":{}}],"line":78},"6":{"loc":{"start":{"line":104,"column":2},"end":{"line":133,"column":null}},"type":"if","locations":[{"start":{"line":104,"column":2},"end":{"line":133,"column":null}},{"start":{},"end":{}}],"line":104},"7":{"loc":{"start":{"line":115,"column":11},"end":{"line":118,"column":null}},"type":"binary-expr","locations":[{"start":{"line":115,"column":11},"end":{"line":115,"column":null}},{"start":{"line":116,"column":12},"end":{"line":118,"column":null}}],"line":115},"8":{"loc":{"start":{"line":136,"column":2},"end":{"line":163,"column":null}},"type":"if","locations":[{"start":{"line":136,"column":2},"end":{"line":163,"column":null}},{"start":{},"end":{}}],"line":136},"9":{"loc":{"start":{"line":148,"column":17},"end":{"line":151,"column":null}},"type":"binary-expr","locations":[{"start":{"line":148,"column":17},"end":{"line":148,"column":null}},{"start":{"line":149,"column":18},"end":{"line":151,"column":null}}],"line":148},"10":{"loc":{"start":{"line":170,"column":33},"end":{"line":170,"column":null}},"type":"binary-expr","locations":[{"start":{"line":170,"column":33},"end":{"line":170,"column":50}},{"start":{"line":170,"column":50},"end":{"line":170,"column":null}}],"line":170},"11":{"loc":{"start":{"line":187,"column":22},"end":{"line":187,"column":null}},"type":"binary-expr","locations":[{"start":{"line":187,"column":22},"end":{"line":187,"column":54}},{"start":{"line":187,"column":54},"end":{"line":187,"column":79}},{"start":{"line":187,"column":79},"end":{"line":187,"column":null}}],"line":187}},"s":{"0":2,"1":31,"2":31,"3":30,"4":15,"5":15,"6":15,"7":15,"8":15,"9":2,"10":79,"11":79,"12":79,"13":46,"14":9,"15":37,"16":3,"17":34,"18":33,"19":34,"20":34,"21":34,"22":9,"23":1,"24":25,"25":3,"26":22,"27":4,"28":4,"29":7,"30":4,"31":4,"32":0,"33":0},"f":{"0":31,"1":1,"2":15,"3":2,"4":79,"5":34,"6":1,"7":4,"8":7,"9":0,"10":0},"b":{"0":[15,0],"1":[79],"2":[46,33],"3":[79,46],"4":[9,37],"5":[3,34],"6":[9,25],"7":[9,9],"8":[3,22],"9":[3,3],"10":[22,0],"11":[4,4,0]},"meta":{"lastBranch":12,"lastFunction":11,"lastStatement":34,"seen":{"s:60:16:66:Infinity":0,"f:34:2:34:14":0,"s:35:4:35:Infinity":1,"s:36:4:40:Infinity":2,"f:43:9:43:34":1,"s:44:4:44:Infinity":3,"f:47:2:47:20":2,"s:48:4:48:Infinity":4,"s:51:4:51:Infinity":5,"b:54:4:57:Infinity:undefined:undefined:undefined:undefined":0,"s:54:4:57:Infinity":6,"s:55:6:55:Infinity":7,"s:56:6:56:Infinity":8,"f:60:16:60:28":3,"s:61:4:65:Infinity":9,"f:68:2:68:22":4,"s:69:32:69:Infinity":10,"s:70:56:70:Infinity":11,"b:70:40:70:52":1,"b:72:4:84:Infinity:undefined:undefined:undefined:undefined":2,"s:72:4:84:Infinity":12,"b:72:8:72:20:72:20:72:27":3,"b:74:6:76:Infinity:undefined:undefined:undefined:undefined":4,"s:74:6:76:Infinity":13,"s:75:8:75:Infinity":14,"b:78:6:80:Infinity:undefined:undefined:undefined:undefined":5,"s:78:6:80:Infinity":15,"s:79:8:79:Infinity":16,"s:83:6:83:Infinity":17,"s:86:4:86:Infinity":18,"f:99:9:99:30":5,"s:100:22:100:Infinity":19,"s:101:24:101:Infinity":20,"b:104:2:133:Infinity:undefined:undefined:undefined:undefined":6,"s:104:2:133:Infinity":21,"s:105:4:131:Infinity":22,"b:115:11:115:Infinity:116:12:118:Infinity":7,"f:121:57:121:63":6,"s:121:63:121:Infinity":23,"b:136:2:163:Infinity:undefined:undefined:undefined:undefined":8,"s:136:2:163:Infinity":24,"s:137:4:161:Infinity":25,"b:148:17:148:Infinity:149:18:151:Infinity":9,"s:166:2:176:Infinity":26,"b:170:33:170:50:170:50:170:Infinity":10,"f:183:16:183:Infinity":7,"s:187:22:187:Infinity":27,"b:187:22:187:54:187:54:187:79:187:79:187:Infinity":11,"s:189:37:192:Infinity":28,"f:189:37:189:38":8,"s:190:4:192:Infinity":29,"s:195:2:195:Infinity":30,"s:197:2:197:Infinity":31,"f:203:16:203:58":9,"s:204:2:206:Infinity":32,"f:204:9:204:10":10,"s:205:4:205:Infinity":33}}}
,"/Users/jrjohn/Documents/projects/arcana-react/src/app/presentation/shared/components/LoadingSpinner/LoadingSpinner.scss": {"path":"/Users/jrjohn/Documents/projects/arcana-react/src/app/presentation/shared/components/LoadingSpinner/LoadingSpinner.scss","statementMap":{},"fnMap":{},"branchMap":{},"s":{},"f":{},"b":{},"meta":{"lastBranch":0,"lastFunction":0,"lastStatement":0,"seen":{}}}
,"/Users/jrjohn/Documents/projects/arcana-react/src/app/presentation/shared/components/LoadingSpinner/LoadingSpinner.tsx": {"path":"/Users/jrjohn/Documents/projects/arcana-react/src/app/presentation/shared/components/LoadingSpinner/LoadingSpinner.tsx","statementMap":{"0":{"start":{"line":17,"column":4},"end":{"line":22,"column":null}},"1":{"start":{"line":25,"column":2},"end":{"line":27,"column":null}},"2":{"start":{"line":26,"column":4},"end":{"line":26,"column":null}},"3":{"start":{"line":29,"column":2},"end":{"line":29,"column":null}}},"fnMap":{"0":{"name":"LoadingSpinner","decl":{"start":{"line":10,"column":16},"end":{"line":10,"column":31}},"loc":{"start":{"line":15,"column":24},"end":{"line":30,"column":null}},"line":15}},"branchMap":{"0":{"loc":{"start":{"line":11,"column":2},"end":{"line":11,"column":null}},"type":"default-arg","locations":[{"start":{"line":11,"column":9},"end":{"line":11,"column":null}}],"line":11},"1":{"loc":{"start":{"line":13,"column":2},"end":{"line":13,"column":null}},"type":"default-arg","locations":[{"start":{"line":13,"column":13},"end":{"line":13,"column":null}}],"line":13},"2":{"loc":{"start":{"line":14,"column":2},"end":{"line":14,"column":null}},"type":"default-arg","locations":[{"start":{"line":14,"column":14},"end":{"line":14,"column":null}}],"line":14},"3":{"loc":{"start":{"line":21,"column":7},"end":{"line":21,"column":null}},"type":"binary-expr","locations":[{"start":{"line":21,"column":7},"end":{"line":21,"column":18}},{"start":{"line":21,"column":18},"end":{"line":21,"column":null}}],"line":21},"4":{"loc":{"start":{"line":25,"column":2},"end":{"line":27,"column":null}},"type":"if","locations":[{"start":{"line":25,"column":2},"end":{"line":27,"column":null}},{"start":{},"end":{}}],"line":25}},"s":{"0":9,"1":9,"2":1,"3":8},"f":{"0":9},"b":{"0":[9],"1":[9],"2":[9],"3":[9,1],"4":[1,8]},"meta":{"lastBranch":5,"lastFunction":1,"lastStatement":4,"seen":{"f:10:16:10:31":0,"b:11:9:11:Infinity":0,"b:13:13:13:Infinity":1,"b:14:14:14:Infinity":2,"s:17:4:22:Infinity":0,"b:21:7:21:18:21:18:21:Infinity":3,"b:25:2:27:Infinity:undefined:undefined:undefined:undefined":4,"s:25:2:27:Infinity":1,"s:26:4:26:Infinity":2,"s:29:2:29:Infinity":3}}}
}
